Case #1:
10000000000000000000000000000001 3 2 2305843009213694000 2.3283064365386962e+21 6.632217591622001e+23 7.88876910174229e+25 4.951760157141521e+27 1.9076021223847293e+29 5e+30
10100000000000000000000000000001 7 13 2 2.421438694000244e+21 6.816445858055945e+23 8.04976438953295e+25 5.029131409596857e+27 1.9311527658709605e+29 5.05e+30
11100000000000000000000000000001 3 2 3026418949592973300 2.887099981307983e+21 7.921815456659612e+23 9.176731404067564e+25 5.648101429239548e+27 2.1431085572470416e+29 5.55e+30
10010000000000000000000000000001 5 29 2 2.3469328880310058e+21 6.662922302694325e+23 7.911768428569527e+25 4.961431563698438e+27 1.910218860549866e+29 5.005e+30
10110000000000000000000000000001 3 2 2485986994308514000 2.4400651454925536e+21 6.847150569128269e+23 8.072763716360186e+25 5.038802816153774e+27 1.9337695040360974e+29 5.055e+30
11110000000000000000000000000001 241 7 2 2.9057264328002927e+21 7.952520167731936e+23 9.199730730894798e+25 5.657772835796465e+27 2.1457252954121782e+29 5.555e+30
11001000000000000000000000000001 3 2 2891310960771858400 2.797693014144897e+21 7.742704642071056e+23 9.01902173439508e+25 5.571939102603826e+27 2.1198486624458255e+29 5.5005e+30
10101000000000000000000000000001 13 2 2458965396544291000 2.425163984298706e+21 6.821563309901333e+23 8.053050007651125e+25 5.030340335416472e+27 1.9314435145559755e+29 5.0505e+30
10011000000000000000000000000001 3 2 2350879005487399000 2.3506581783294677e+21 6.668039754539711e+23 7.915054046687704e+25 4.962640489518053e+27 1.9105096092348813e+29 5.0055e+30
11011000000000000000000000000001 7 5 2 2.816319465637207e+21 7.773409353143378e+23 9.042021061222318e+25 5.581610509160743e+27 2.1224654006109624e+29 5.5055e+30
10111000000000000000000000000001 5 11 2 2.4437904357910155e+21 6.852268020973656e+23 8.076049334478363e+25 5.040011741973389e+27 1.9340602527211125e+29 5.0555e+30
11111000000000000000000000000001 3 2 3071454945866678300 2.9094517230987546e+21 7.957637619577323e+23 9.203016349012976e+25 5.658981761616079e+27 2.1460160440971936e+29 5.5555e+30
10000100000000000000000000000001 7 13 2 2.3290514945983887e+21 6.633070500262898e+23 7.889238475759173e+25 4.951911272868973e+27 1.9076344277941755e+29 5.00005e+30
11000100000000000000000000000001 37 2 2884555561330802700 2.794712781906128e+21 7.738440098866565e+23 9.016205490293787e+25 5.570881292511663e+27 2.1195902191702563e+29 5.50005e+30
10100100000000000000000000000001 3 2 2452209997103235000 2.4221837520599363e+21 6.817298766696843e+23 8.050233763549832e+25 5.029282525324309e+27 1.9311850712804067e+29 5.05005e+30
11100100000000000000000000000001 41 7725709 2 2.887845039367676e+21 7.92266836530051e+23 9.177200778084445e+25 5.648252544966999e+27 2.1431408626564875e+29 5.55005e+30
11010100000000000000000000000001 3 23531 2 2.8133392333984377e+21 7.769144809938889e+23 9.039204817121022e+25 5.58055269906858e+27 2.122206957335393e+29 5.50505e+30
10110100000000000000000000000001 163 239 2 2.440810203552246e+21 6.848003477769167e+23 8.073233090377069e+25 5.038953931881226e+27 1.9338018094455433e+29 5.05505e+30
11110100000000000000000000000001 5 2 3064699546425622500 2.9064714908599855e+21 7.953373076372834e+23 9.200200104911683e+25 5.657923951523916e+27 2.1457576008216244e+29 5.55505e+30
10001100000000000000000000000001 3 2 2317102008282120000 2.3327767848968507e+21 6.638187952108286e+23 7.892524093877348e+25 4.953120198688588e+27 1.9079251764791905e+29 5.00055e+30
11001100000000000000000000000001 5 251 2 2.79843807220459e+21 7.743557550711953e+23 9.019491108411962e+25 5.572090218331278e+27 2.1198809678552713e+29 5.50055e+30
11101100000000000000000000000001 3 2 3037677948661399600 2.891570329666138e+21 7.927785817145898e+23 9.18048639620262e+25 5.649461470786614e+27 2.1434316113415025e+29 5.55055e+30
10011100000000000000000000000001 11 5 2 2.3514032363891602e+21 6.66889266318061e+23 7.915523420704587e+25 4.962791605245505e+27 1.9105419146443275e+29 5.00555e+30
11011100000000000000000000000001 13 2 2929591557604507600 2.8170645236968996e+21 7.774262261784277e+23 9.042490435239199e+25 5.581761624888195e+27 2.1224977060204083e+29 5.50555e+30
10111100000000000000000000000001 3 2 2497245993376940000 2.444535493850708e+21 6.853120929614555e+23 8.076518708495244e+25 5.040162857700841e+27 1.9340925581305587e+29 5.05555e+30
11111100000000000000000000000001 1303 19 2 2.9101967811584474e+21 7.958490528218222e+23 9.203485723029858e+25 5.659132877343531e+27 2.1460483495066395e+29 5.55555e+30
10000010000000000000000000000001 103 7 2 2.3284554481506347e+21 6.63235974306215e+23 7.888836155173274e+25 4.951779046607453e+27 1.9076057118746676e+29 5.000005e+30
11000010000000000000000000000001 3 2 2882866711470539000 2.794116735458374e+21 7.737729341665817e+23 9.015803169707886e+25 5.570749066250143e+27 2.1195615032507484e+29 5.500005e+30
11100010000000000000000000000001 701 19 2 2.8872489929199216e+21 7.921957608099761e+23 9.176798457498546e+25 5.648120318705479e+27 2.14311214673698e+29 5.550005e+30
10010010000000000000000000000001 3 2 2342434756186079000 2.3470818996429442e+21 6.663064454134474e+23 7.91183548200051e+25 4.96145045316437e+27 1.9102224500398045e+29 5.005005e+30
11010010000000000000000000000001 113 11 2 2.8127431869506834e+21 7.768434052738141e+23 9.038802496535123e+25 5.58042047280706e+27 2.1221782414158853e+29 5.505005e+30
10110010000000000000000000000001 11 5 2 2.440214157104492e+21 6.847292720568418e+23 8.07283076979117e+25 5.038821705619706e+27 1.9337730935260357e+29 5.055005e+30
11110010000000000000000000000001 3 2 3063010696565358600 2.905875444412231e+21 7.952662319172085e+23 9.199797784325782e+25 5.657791725262396e+27 2.1457288849021165e+29 5.555005e+30
10001010000000000000000000000001 73 2 2315413158421856000 2.3321807384490966e+21 6.637477194907538e+23 7.89212177329145e+25 4.952987972427067e+27 1.907896460559683e+29 5.000505e+30
11001010000000000000000000000001 7 118862487781861 2 2.7978420257568357e+21 7.742846793511205e+23 9.019088787826064e+25 5.571957992069757e+27 2.1198522519357638e+29 5.500505e+30
11101010000000000000000000000001 5 2 3035989098801135600 2.8909742832183835e+21 7.927075059945149e+23 9.180084075616723e+25 5.649329244525094e+27 2.143402895421995e+29 5.550505e+30
10011010000000000000000000000001 5 89 2 2.3508071899414061e+21 6.668181905979862e+23 7.915121100118688e+25 4.962659378983984e+27 1.9105131987248196e+29 5.005505e+30
11011010000000000000000000000001 3 2 2927902707744243700 2.8164684772491453e+21 7.773551504583529e+23 9.0420881146533e+25 5.581629398626674e+27 2.1224689901009007e+29 5.505505e+30
10111010000000000000000000000001 17 2 2495557143516676000 2.443939447402954e+21 6.852410172413806e+23 8.076116387909347e+25 5.04003063143932e+27 1.9340638422110508e+29 5.055505e+30
10000110000000000000000000000001 3 2 2308657758980800500 2.3292005062103272e+21 6.633212651703049e+23 7.889305529190155e+25 4.951930162334904e+27 1.9076380172841138e+29 5.000055e+30
11000110000000000000000000000001 19 937 2 2.7948617935180666e+21 7.738582250306716e+23 9.01627254372477e+25 5.570900181977595e+27 2.119593808660195e+29 5.500055e+30
10100110000000000000000000000001 353 7 2 2.422332763671875e+21 6.817440918136993e+23 8.050300816980815e+25 5.029301414790241e+27 1.931188660770345e+29 5.050055e+30
11100110000000000000000000000001 3 2 3029233699360080000 2.8879940509796144e+21 7.92281051674066e+23 9.177267831515427e+25 5.648271434432931e+27 2.143144452146426e+29 5.550055e+30
10010110000000000000000000000001 59 337 2 2.3478269577026368e+21 6.663917362775373e+23 7.912304856017394e+25 4.961601568891821e+27 1.9102547554492507e+29 5.005055e+30
11010110000000000000000000000001 5 2 2921147308303188000 2.813488245010376e+21 7.76928696137904e+23 9.039271870552006e+25 5.580571588534512e+27 2.122210546825332e+29 5.505055e+30
10110110000000000000000000000001 3 2 2488801744075620400 2.4409592151641843e+21 6.848145629209317e+23 8.073300143808051e+25 5.038972821347158e+27 1.933805398935482e+29 5.055055e+30
10001110000000000000000000000001 13 373 2 2.332925796508789e+21 6.638330103548435e+23 7.892591147308332e+25 4.953139088154519e+27 1.907928765969129e+29 5.000555e+30
11001110000000000000000000000001 3 2 2894125710538965000 2.7985870838165285e+21 7.743699702152102e+23 9.019558161842946e+25 5.572109107797209e+27 2.11988455734521e+29 5.500555e+30
10101110000000000000000000000001 5 2 2461780146311397400 2.4260580539703367e+21 6.82255836998238e+23 8.053586435098992e+25 5.030510340609855e+27 1.93147940945536e+29 5.050555e+30
11101110000000000000000000000001 127 7 2 2.8917193412780763e+21 7.927927968586047e+23 9.180553449633604e+25 5.649480360252545e+27 2.1434352008314412e+29 5.550555e+30
10011110000000000000000000000001 3 2 2353693755254505500 2.3515522480010987e+21 6.66903481462076e+23 7.915590474135569e+25 4.962810494711436e+27 1.9105455041342658e+29 5.005555e+30
10111110000000000000000000000001 45139 1213 2 2.444684505462646e+21 6.853263081054704e+23 8.076585761926228e+25 5.040181747166772e+27 1.934096147620497e+29 5.055555e+30
11111110000000000000000000000001 3 2 3074269695633785000 2.910345792770386e+21 7.958632679658371e+23 9.203552776460842e+25 5.659151766809462e+27 2.146051938996578e+29 5.555555e+30
10100001000000000000000000000001 3 2 2450098934777905000 2.421468496322632e+21 6.816469549962637e+23 8.049773968594519e+25 5.029133770780099e+27 1.931153164703176e+29 5.0500005e+30
11100001000000000000000000000001 11633 809 2 2.887129783630371e+21 7.921839148566304e+23 9.176740983129133e+25 5.648103790422789e+27 2.143108956079257e+29 5.5500005e+30
10010001000000000000000000000001 11 2 2342012543721013000 2.3469626903533936e+21 6.662945994601016e+23 7.911778007631096e+25 4.96143392488168e+27 1.9102192593820813e+29 5.0050005e+30
11010001000000000000000000000001 3 239 2 2.8126239776611327e+21 7.768315593204682e+23 9.038745022165708e+25 5.58040394452437e+27 2.1221750507581625e+29 5.5050005e+30
10110001000000000000000000000001 67 7 2 2.4400949478149414e+21 6.84717426103496e+23 8.072773295421756e+25 5.038805177337016e+27 1.9337699028683125e+29 5.0550005e+30
11110001000000000000000000000001 829 2 3062588484100292600 2.9057562351226805e+21 7.952543859638626e+23 9.199740309956368e+25 5.657775196979706e+27 2.1457256942443937e+29 5.5550005e+30
10001001000000000000000000000001 3 2 2314990945956790300 2.332061529159546e+21 6.63735873537408e+23 7.892064298922037e+25 4.952971444144377e+27 1.90789326990196e+29 5.0005005e+30
11001001000000000000000000000001 23 5 2 2.797722816467285e+21 7.742728333977746e+23 9.019031313456649e+25 5.571941463787067e+27 2.119849061278041e+29 5.5005005e+30
10101001000000000000000000000001 5 859 2 2.425193786621094e+21 6.821587001808023e+23 8.053059586712694e+25 5.030342696599713e+27 1.931443913388191e+29 5.0505005e+30
11101001000000000000000000000001 3 2 3035566886336069600 2.890855073928833e+21 7.92695660041169e+23 9.180026601247308e+25 5.649312716242404e+27 2.1433997047642722e+29 5.5505005e+30
10011001000000000000000000000001 7 11 2 2.3506879806518555e+21 6.668063446446404e+23 7.915063625749273e+25 4.962642850701294e+27 1.9105100080670967e+29 5.0055005e+30
11011001000000000000000000000001 19 2 2927480495279177700 2.8163492679595946e+21 7.77343304505007e+23 9.042030640283886e+25 5.581612870343984e+27 2.122465799443178e+29 5.5055005e+30
10111001000000000000000000000001 3 2 2495134931051610000 2.4438202381134033e+21 6.852291712880347e+23 8.076058913539933e+25 5.04001410315663e+27 1.934060651553328e+29 5.0555005e+30
11111001000000000000000000000001 5 7 2 2.9094815254211424e+21 7.957661311484014e+23 9.203025928074545e+25 5.658984122799321e+27 2.146016442929409e+29 5.5555005e+30
10000101000000000000000000000001 1531 2 2308235546515734500 2.3290812969207763e+21 6.63309419216959e+23 7.889248054820742e+25 4.951913634052214e+27 1.9076348266263906e+29 5.0000505e+30
11000101000000000000000000000001 3 23 2 2.7947425842285154e+21 7.738463790773257e+23 9.016215069355355e+25 5.570883653694905e+27 2.1195906180024718e+29 5.5000505e+30
10100101000000000000000000000001 3209 19 2 2.422213554382324e+21 6.817322458603534e+23 8.050243342611402e+25 5.029284886507551e+27 1.9311854701126218e+29 5.0500505e+30
11100101000000000000000000000001 5 2 3028811486895014000 2.887874841690063e+21 7.922692057207201e+23 9.177210357146014e+25 5.648254906150241e+27 2.143141261488703e+29 5.5500505e+30
10010101000000000000000000000001 3 31 2 2.3477077484130858e+21 6.663798903241914e+23 7.912247381647979e+25 4.961585040609131e+27 1.9102515647915275e+29 5.0050505e+30
11010101000000000000000000000001 1579 2 2920725095838122000 2.813369035720825e+21 7.769168501845581e+23 9.039214396182591e+25 5.580555060251822e+27 2.1222073561676083e+29 5.5050505e+30
10110101000000000000000000000001 7 2 2488379531610554400 2.4408400058746337e+21 6.848027169675858e+23 8.073242669438638e+25 5.038956293064468e+27 1.9338022082777587e+29 5.0550505e+30
11110101000000000000000000000001 3 131 2 2.906501293182373e+21 7.953396768279525e+23 9.20020968397325e+25 5.657926312707158e+27 2.1457579996538395e+29 5.5550505e+30
10001101000000000000000000000001 19 5 2 2.3328065872192382e+21 6.638211644014978e+23 7.892533672938918e+25 4.953122559871829e+27 1.907925575311406e+29 5.0005505e+30
11001101000000000000000000000001 283 2 2893703498073899000 2.7984678745269773e+21 7.743581242618643e+23 9.019500687473532e+25 5.572092579514519e+27 2.119881366687487e+29 5.5005505e+30
10101101000000000000000000000001 3 2 2461357933846331400 2.425938844680786e+21 6.822439910448921e+23 8.053528960729577e+25 5.030493812327165e+27 1.9314762187976372e+29 5.0505505e+30
11101101000000000000000000000001 7 29 2 2.891600131988525e+21 7.927809509052588e+23 9.18049597526419e+25 5.649463831969855e+27 2.143432010173718e+29 5.5505505e+30
11011101000000000000000000000001 3 5 2 2.817094326019287e+21 7.774285953690967e+23 9.042500014300768e+25 5.581763986071436e+27 2.1224981048526237e+29 5.5055505e+30
10111101000000000000000000000001 5 5987 2 2.4445652961730956e+21 6.853144621521245e+23 8.076528287556814e+25 5.040165218884082e+27 1.934092956962774e+29 5.0555505e+30
11111101000000000000000000000001 251 2 3073847483168719000 2.9102265834808347e+21 7.958514220124912e+23 9.203495302091428e+25 5.659135238526772e+27 2.146048748338855e+29 5.5555505e+30
10000011000000000000000000000001 3 2 2306546696655470600 2.3284852504730225e+21 6.632383434968841e+23 7.888845734234844e+25 4.951781407790694e+27 1.907606110706883e+29 5.0000055e+30
11000011000000000000000000000001 7 14697373 2 2.7941465377807616e+21 7.73775303357251e+23 9.015812748769456e+25 5.570751427433384e+27 2.119561902082964e+29 5.5000055e+30
10100011000000000000000000000001 53 5 2 2.4216175079345703e+21 6.816611701402787e+23 8.049841022025501e+25 5.02915266024603e+27 1.9311567541931143e+29 5.0500055e+30
11100011000000000000000000000001 3 2 3027122637034750000 2.8872787952423094e+21 7.921981300006454e+23 9.176808036560114e+25 5.64812267988872e+27 2.143112545569195e+29 5.5500055e+30
10010011000000000000000000000001 48091 397 2 2.347111701965332e+21 6.663088146041165e+23 7.91184506106208e+25 4.961452814347611e+27 1.91022284887202e+29 5.0050055e+30
11010011000000000000000000000001 11 2 2919036245977858000 2.812772989273071e+21 7.768457744644834e+23 9.038812075596692e+25 5.580422833990301e+27 2.1221786402481008e+29 5.5050055e+30
10110011000000000000000000000001 3 2 2486690681750290400 2.44024395942688e+21 6.847316412475111e+23 8.072840348852738e+25 5.038824066802947e+27 1.9337734923582512e+29 5.0550055e+30
10001011000000000000000000000001 5 7 2 2.3322105407714844e+21 6.63750088681423e+23 7.892131352353019e+25 4.952990333610309e+27 1.907896859391898e+29 5.0005055e+30
11001011000000000000000000000001 3 2 2892014648213635000 2.7978718280792235e+21 7.742870485417896e+23 9.019098366887633e+25 5.571960353252999e+27 2.1198526507679793e+29 5.5005055e+30
10011011000000000000000000000001 3 2 2351582692929175600 2.350836992263794e+21 6.668205597886554e+23 7.915130679180256e+25 4.962661740167226e+27 1.910513597557035e+29 5.0055055e+30
11011011000000000000000000000001 5 13 2 2.816498279571533e+21 7.773575196490222e+23 9.042097693714868e+25 5.581631759809916e+27 2.122469388933116e+29 5.5055055e+30
10111011000000000000000000000001 29 2699 2 2.443969249725342e+21 6.852433864320499e+23 8.076125966970917e+25 5.040032992622562e+27 1.9340642410432663e+29 5.0555055e+30
11111011000000000000000000000001 3 2 3072158633308455000 2.909630537033081e+21 7.957803462924166e+23 9.203092981505529e+25 5.659003012265252e+27 2.146020032419347e+29 5.5555055e+30
10000111000000000000000000000001 17 3041 2 2.3292303085327147e+21 6.63323634360974e+23 7.889315108251725e+25 4.951932523518146e+27 1.9076384161163293e+29 5.0000555e+30
11000111000000000000000000000001 5 2 2885259248772579300 2.794891595840454e+21 7.738605942213407e+23 9.016282122786337e+25 5.570902543160836e+27 2.1195942074924104e+29 5.5000555e+30
10100111000000000000000000000001 3 2 2452913684545011700 2.4223625659942626e+21 6.817464610043685e+23 8.050310396042384e+25 5.029303775973482e+27 1.9311890596025605e+29 5.0500555e+30
11100111000000000000000000000001 107 37 2 2.8880238533020017e+21 7.922834208647352e+23 9.177277410576996e+25 5.648273795616172e+27 2.1431448509786416e+29 5.5500555e+30
11010111000000000000000000000001 3 17 2 2.8135180473327634e+21 7.769310653285731e+23 9.039281449613575e+25 5.580573949717753e+27 2.122210945657547e+29 5.5050555e+30
10110111000000000000000000000001 4021 5 2 2.440989017486572e+21 6.848169321116009e+23 8.07330972286962e+25 5.038975182530399e+27 1.9338057977676974e+29 5.0550555e+30
11110111000000000000000000000001 23 2 3065403233867399000 2.9066503047943113e+21 7.953538919719676e+23 9.200276737404234e+25 5.657945202173089e+27 2.1457615891437782e+29 5.5550555e+30
10001111000000000000000000000001 3 2 2317805695723897000 2.3329555988311766e+21 6.638353795455127e+23 7.892600726369902e+25 4.95314144933776e+27 1.9079291648013443e+29 5.0005555e+30
11001111000000000000000000000001 13 11 2 2.798616886138916e+21 7.743723394058795e+23 9.019567740904514e+25 5.572111468980451e+27 2.1198849561774255e+29 5.5005555e+30
10101111000000000000000000000001 79 7 2 2.4260878562927245e+21 6.822582061889073e+23 8.053596014160561e+25 5.030512701793097e+27 1.9314798082875755e+29 5.0505555e+30
11101111000000000000000000000001 3 2 3038381636103176000 2.8917491436004636e+21 7.92795166049274e+23 9.180563028695173e+25 5.649482721435787e+27 2.1434355996636567e+29 5.5505555e+30
10011111000000000000000000000001 5 769 2 2.3515820503234862e+21 6.669058506527451e+23 7.915600053197138e+25 4.962812855894678e+27 1.9105459029664813e+29 5.0055555e+30
11011111000000000000000000000001 7 2 2930295245046284300 2.8172433376312253e+21 7.774428105131119e+23 9.042567067731752e+25 5.581782875537368e+27 2.1225016943425624e+29 5.5055555e+30
10111111000000000000000000000001 3 2 2497949680818716700 2.444714307785034e+21 6.853286772961397e+23 8.076595340987798e+25 5.040184108350014e+27 1.9340965464527125e+29 5.0555555e+30
10000000100000000000000000000001 7 5 2 2.328312397003174e+21 6.632221540273117e+23 7.888770470179657e+25 4.951760452289426e+27 1.9076021666994195e+29 5.00000005e+30
11000000100000000000000000000001 3 2 2882338945889206300 2.7939736843109133e+21 7.737591138876784e+23 9.015737484714269e+25 5.570730471932116e+27 2.1195579580755007e+29 5.50000005e+30
10100000100000000000000000000001 17 2 2449993381661638700 2.4214446544647215e+21 6.816449806707061e+23 8.049765757970318e+25 5.029131704744763e+27 1.9311528101856507e+29 5.05000005e+30
11100000100000000000000000000001 1607 59 2 2.887105941772461e+21 7.921819405310728e+23 9.17673277250493e+25 5.648101724387453e+27 2.143108601561732e+29 5.55000005e+30
10010000100000000000000000000001 3 2 2341906990604747000 2.3469388484954835e+21 6.662926251345441e+23 7.911769797006895e+25 4.961431858846343e+27 1.9102189048645565e+29 5.00500005e+30
11010000100000000000000000000001 193 5 2 2.812600135803223e+21 7.768295849949108e+23 9.038736811541507e+25 5.580401878489033e+27 2.1221746962406376e+29 5.50500005e+30
10110000100000000000000000000001 5 17 2 2.440071105957031e+21 6.847154517779385e+23 8.072765084797553e+25 5.03880311130168e+27 1.9337695483507877e+29 5.05500005e+30
11110000100000000000000000000001 3 2 3062482930984026000 2.9057323932647707e+21 7.952524116383052e+23 9.199732099332166e+25 5.65777313094437e+27 2.1457253397268688e+29 5.55500005e+30
10001000100000000000000000000001 5 2 2314885392840524000 2.3320376873016358e+21 6.637338992118504e+23 7.892056088297834e+25 4.952969378109041e+27 1.907892915384435e+29 5.00050005e+30
11001000100000000000000000000001 13 73 2 2.797698974609375e+21 7.74270859072217e+23 9.019023102832446e+25 5.571939397751731e+27 2.119848706760516e+29 5.50050005e+30
10101000100000000000000000000001 3 5 2 2.4251699447631834e+21 6.821567258552448e+23 8.053051376088493e+25 5.030340630564377e+27 1.931443558870666e+29 5.05050005e+30
11101000100000000000000000000001 6863 2 3035461333219803000 2.890831232070923e+21 7.926936857156115e+23 9.180018390623105e+25 5.649310650207067e+27 2.1433993502467473e+29 5.55050005e+30
11011000100000000000000000000001 3 2 2927374942162911000 2.816325426101685e+21 7.773413301794494e+23 9.042022429659684e+25 5.581610804308648e+27 2.1224654449256527e+29 5.50550005e+30
10111000100000000000000000000001 7 2 2495029377935343600 2.443796396255493e+21 6.852271969624772e+23 8.07605070291573e+25 5.040012037121294e+27 1.934060297035803e+29 5.05550005e+30
11111000100000000000000000000001 41 5 2 2.9094576835632326e+21 7.957641568228439e+23 9.203017717450344e+25 5.658982056763984e+27 2.146016088411884e+29 5.55550005e+30
10000100100000000000000000000001 3 2 2308129993399468000 2.3290574550628662e+21 6.633074448914014e+23 7.88923984419654e+25 4.951911568016878e+27 1.907634472108866e+29 5.00005005e+30
11000100100000000000000000000001 5 29 2 2.7947187423706056e+21 7.738444047517681e+23 9.016206858731153e+25 5.570881587659568e+27 2.1195902634849472e+29 5.50005005e+30
10100100100000000000000000000001 1291 30347 2 2.4221897125244143e+21 6.817302715347959e+23 8.050235131987199e+25 5.029282820472214e+27 1.931185115595097e+29 5.05005005e+30
11100100100000000000000000000001 3 2 3028705933778747400 2.8878509998321534e+21 7.922672313951626e+23 9.177202146521813e+25 5.648252840114905e+27 2.1431409069711777e+29 5.55005005e+30
10010100100000000000000000000001 13 5 2 2.3476839065551758e+21 6.663779159986339e+23 7.912239171023776e+25 4.961582974573795e+27 1.9102512102740027e+29 5.00505005e+30
11010100100000000000000000000001 7 2 2920619542721855500 2.813345193862915e+21 7.769148758590005e+23 9.03920618555839e+25 5.580552994216485e+27 2.1222070016500838e+29 5.50505005e+30
10110100100000000000000000000001 3 2 2488273978494288000 2.440816164016724e+21 6.848007426420283e+23 8.073234458814437e+25 5.038954227029131e+27 1.933801853760234e+29 5.05505005e+30
11110100100000000000000000000001 89 7 2 2.906477451324463e+21 7.95337702502395e+23 9.20020147334905e+25 5.657924246671822e+27 2.1457576451363147e+29 5.55505005e+30
10001100100000000000000000000001 37 367 2 2.332782745361328e+21 6.638191900759401e+23 7.892525462314716e+25 4.953120493836493e+27 1.907925220793881e+29 5.00055005e+30
11001100100000000000000000000001 3 2 2893597944957632500 2.7984440326690675e+21 7.743561499363068e+23 9.019492476849329e+25 5.572090513479183e+27 2.1198810121699623e+29 5.50055005e+30
10101100100000000000000000000001 11 2 2461252380730065000 2.425915002822876e+21 6.822420167193346e+23 8.053520750105376e+25 5.030491746291829e+27 1.9314758642801124e+29 5.05055005e+30
11101100100000000000000000000001 5 61 2 2.8915762901306153e+21 7.927789765797012e+23 9.180487764639988e+25 5.649461765934519e+27 2.143431655656193e+29 5.55055005e+30
10011100100000000000000000000001 3 2 2353165989673173000 2.3514091968536377e+21 6.668896611831725e+23 7.915524789141953e+25 4.96279190039341e+27 1.910541958959018e+29 5.00555005e+30
11011100100000000000000000000001 43 23 2 2.817070484161377e+21 7.774266210435392e+23 9.042491803676567e+25 5.5817619200361e+27 2.1224977503350992e+29 5.50555005e+30
10111100100000000000000000000001 19 5 2 2.444541454315186e+21 6.85312487826567e+23 8.076520076932612e+25 5.040163152848746e+27 1.934092602445249e+29 5.05555005e+30
11111100100000000000000000000001 3 2 3073741930052452400 2.910202741622925e+21 7.958494476869336e+23 9.203487091467225e+25 5.659133172491436e+27 2.14604839382133e+29 5.55555005e+30
10000010100000000000000000000001 347 2 2306441143539204000 2.3284614086151124e+21 6.632363691713266e+23 7.88883752361064e+25 4.951779341755358e+27 1.9076057561893582e+29 5.00000505e+30
11000010100000000000000000000001 11 74955087287897 2 2.794122695922852e+21 7.737733290316933e+23 9.015804538145253e+25 5.570749361398048e+27 2.119561547565439e+29 5.50000505e+30
10100010100000000000000000000001 3 1590917 2 2.42159366607666e+21 6.81659195814721e+23 8.0498328114013e+25 5.029150594210694e+27 1.9311563996755894e+29 5.05000505e+30
11100010100000000000000000000001 5 2 3027017083918483500 2.8872549533843996e+21 7.921961556750877e+23 9.176799825935912e+25 5.648120613853384e+27 2.1431121910516702e+29 5.55000505e+30
10010010100000000000000000000001 5 47 2 2.347087860107422e+21 6.66306840278559e+23 7.911836850437877e+25 4.961450748312275e+27 1.9102224943544948e+29 5.00500505e+30
11010010100000000000000000000001 3 2 2918930692861591600 2.8127491474151613e+21 7.768438001389257e+23 9.038803864972491e+25 5.580420767954965e+27 2.122178285730576e+29 5.50500505e+30
10001010100000000000000000000001 3 5 2 2.3321866989135743e+21 6.637481143558653e+23 7.892123141728818e+25 4.952988267574972e+27 1.9078965048743733e+29 5.00050505e+30
11001010100000000000000000000001 503 2 2891909095097368600 2.7978479862213137e+21 7.74285074216232e+23 9.01909015626343e+25 5.571958287217663e+27 2.119852296250454e+29 5.50050505e+30
10101010100000000000000000000001 7 2 2459563530869801000 2.425318956375122e+21 6.821709409992597e+23 8.053118429519477e+25 5.030359520030309e+27 1.9314471483606045e+29 5.05050505e+30
11101010100000000000000000000001 3 1193 2 2.8909802436828615e+21 7.927079008596264e+23 9.18008544405409e+25 5.649329539672999e+27 2.1434029397366856e+29 5.55050505e+30
10011010100000000000000000000001 199 2 2351477139812909000 2.3508131504058839e+21 6.668185854630978e+23 7.915122468556054e+25 4.962659674131889e+27 1.9105132430395102e+29 5.00550505e+30
10111010100000000000000000000001 3 19 2 2.4439454078674314e+21 6.852414121064923e+23 8.076117756346714e+25 5.040030926587226e+27 1.9340638865257414e+29 5.05550505e+30
11111010100000000000000000000001 1523 2 3072053080192188400 2.909606695175171e+21 7.95778371966859e+23 9.203084770881328e+25 5.659000946229916e+27 2.1460196779018222e+29 5.55550505e+30
10000110100000000000000000000001 43 7 2 2.3292064666748047e+21 6.633216600354164e+23 7.889306897627523e+25 4.95193045748281e+27 1.9076380615988044e+29 5.00005505e+30
11000110100000000000000000000001 3 2 2885153695656313000 2.794867753982544e+21 7.73858619895783e+23 9.016273912162135e+25 5.5709004771255e+27 2.1195938529748852e+29 5.50005505e+30
10100110100000000000000000000001 5 2 2452808131428745000 2.422338724136353e+21 6.817444866788108e+23 8.050302185418181e+25 5.029301709938146e+27 1.9311887050850356e+29 5.05005505e+30
11100110100000000000000000000001 29 23 2 2.888000011444092e+21 7.922814465391775e+23 9.177269199952795e+25 5.648271729580836e+27 2.1431444964611168e+29 5.55005505e+30
10010110100000000000000000000001 3 2 2344721740371853300 2.3478329181671142e+21 6.663921311426488e+23 7.91230622445476e+25 4.961601864039727e+27 1.9102547997639413e+29 5.00505505e+30
11010110100000000000000000000001 37 941 2 2.8134942054748536e+21 7.769290910030154e+23 9.039273238989372e+25 5.580571883682417e+27 2.122210591140022e+29 5.50505505e+30
10110110100000000000000000000001 2039 11 2 2.4409651756286623e+21 6.848149577860432e+23 8.07330151224542e+25 5.038973116495063e+27 1.933805443250172e+29 5.05505505e+30
11110110100000000000000000000001 3 2 3065297680751132700 2.9066264629364014e+21 7.953519176464099e+23 9.200268526780031e+25 5.657943136137753e+27 2.1457612346262533e+29 5.55505505e+30
10001110100000000000000000000001 7 2 2317700142607630300 2.3329317569732666e+21 6.638334052199552e+23 7.8925925157457e+25 4.953139383302424e+27 1.9079288102838198e+29 5.00055505e+30
11001110100000000000000000000001 5 7 2 2.798593044281006e+21 7.743703650803218e+23 9.019559530280313e+25 5.572109402945114e+27 2.1198846016599006e+29 5.50055505e+30
10101110100000000000000000000001 3 151 2 2.4260640144348147e+21 6.822562318633496e+23 8.053587803536358e+25 5.03051063575776e+27 1.9314794537700507e+29 5.05055505e+30
11101110100000000000000000000001 11 2 3038276082986909700 2.891725301742554e+21 7.927931917237163e+23 9.180554818070972e+25 5.649480655400451e+27 2.1434352451461318e+29 5.55055505e+30
10011110100000000000000000000001 179 5 2 2.3515582084655761e+21 6.669038763271876e+23 7.915591842572937e+25 4.962810789859341e+27 1.9105455484489564e+29 5.00555505e+30
11011110100000000000000000000001 3 2 2930189691930018000 2.8172194957733155e+21 7.774408361875542e+23 9.042558857107551e+25 5.581780809502031e+27 2.1225013398250375e+29 5.50555505e+30
10111110100000000000000000000001 47743 2 2497844127702450000 2.444690465927124e+21 6.85326702970582e+23 8.076587130363596e+25 5.040182042314678e+27 1.9340961919351876e+29 5.05555505e+30
11111110100000000000000000000001 7 13 2 2.9103517532348634e+21 7.958636628309487e+23 9.203554144898209e+25 5.659152061957368e+27 2.1460519833112687e+29 5.55555505e+30
10000001100000000000000000000001 3 2 2306018931074138000 2.3283421993255615e+21 6.632245232179807e+23 7.888780049241226e+25 4.951762813472668e+27 1.907602565531635e+29 5.00000055e+30
11000001100000000000000000000001 4231 5 2 2.7940034866333006e+21 7.737614830783474e+23 9.015747063775838e+25 5.570732833115358e+27 2.1195583569077162e+29 5.50000055e+30
11100001100000000000000000000001 3 2 3026594871453417500 2.8871357440948484e+21 7.921843097217418e+23 9.176742351566498e+25 5.648104085570694e+27 2.1431090003939474e+29 5.55000055e+30
10010001100000000000000000000001 6793 7 2 2.346968650817871e+21 6.662949943252131e+23 7.911779376068464e+25 4.961434220029585e+27 1.910219303696772e+29 5.00500055e+30
11010001100000000000000000000001 109 2 2918508480396525600 2.81262993812561e+21 7.768319541855798e+23 9.038746390603076e+25 5.580404239672275e+27 2.122175095072853e+29 5.50500055e+30
10110001100000000000000000000001 3 2 2486162916168958000 2.440100908279419e+21 6.847178209686076e+23 8.072774663859122e+25 5.038805472484921e+27 1.933769947183003e+29 5.05500055e+30
11110001100000000000000000000001 5 157 2 2.905762195587158e+21 7.952547808289742e+23 9.199741678393734e+25 5.657775492127611e+27 2.1457257385590843e+29 5.55500055e+30
10001001100000000000000000000001 31 11 2 2.3320674896240234e+21 6.637362684025195e+23 7.892065667359403e+25 4.952971739292282e+27 1.9078933142166504e+29 5.00050055e+30
11001001100000000000000000000001 3 2 2891486882632302600 2.7977287769317625e+21 7.742732282628862e+23 9.019032681894015e+25 5.571941758934972e+27 2.1198491055927312e+29 5.50050055e+30
10101001100000000000000000000001 19 2 2459141318404735000 2.425199747085571e+21 6.82159095045914e+23 8.05306095515006e+25 5.030342991747619e+27 1.9314439577028816e+29 5.05050055e+30
11101001100000000000000000000001 7 5 2 2.8908610343933103e+21 7.926960549062806e+23 9.180027969684675e+25 5.649313011390309e+27 2.1433997490789628e+29 5.55050055e+30
10011001100000000000000000000001 3 2 2351054927347843000 2.350693941116333e+21 6.668067395097519e+23 7.91506499418664e+25 4.962643145849199e+27 1.910510052381787e+29 5.00550055e+30
11011001100000000000000000000001 30697 7 2 2.816355228424072e+21 7.773436993701186e+23 9.042032008721254e+25 5.58161316549189e+27 2.122465843757868e+29 5.50550055e+30
11111001100000000000000000000001 3 2 3071630867727122400 2.90948748588562e+21 7.95766526013513e+23 9.203027296511913e+25 5.658984417947226e+27 2.1460164872440994e+29 5.55550055e+30
10000101100000000000000000000001 137 5 2 2.329087257385254e+21 6.633098140820705e+23 7.889249423258109e+25 4.95191392920012e+27 1.9076348709410812e+29 5.00005055e+30
10100101100000000000000000000001 3 2 2452385918963679000 2.4222195148468016e+21 6.817326407254649e+23 8.050244711048768e+25 5.029285181655456e+27 1.9311855144273124e+29 5.05005055e+30
11100101100000000000000000000001 13591 71 2 2.887880802154541e+21 7.922696005858316e+23 9.17721172558338e+25 5.648255201298146e+27 2.1431413058033932e+29 5.55005055e+30
10010101100000000000000000000001 7 2 2344299527906787300 2.3477137088775636e+21 6.663802851893029e+23 7.912248750085345e+25 4.961585335757037e+27 1.910251609106218e+29 5.00505055e+30
11010101100000000000000000000001 3 5 2 2.813374996185303e+21 7.769172450496695e+23 9.039215764619957e+25 5.580555355399727e+27 2.122207400482299e+29 5.50505055e+30
10110101100000000000000000000001 5 7 2 2.440845966339111e+21 6.848031118326973e+23 8.073244037876006e+25 5.038956588212373e+27 1.9338022525924493e+29 5.05505055e+30
11110101100000000000000000000001 17 2 3064875468286066700 2.906507253646851e+21 7.95340071693064e+23 9.200211052410617e+25 5.657926607855063e+27 2.14575804396853e+29 5.55505055e+30
10001101100000000000000000000001 3 2 2317277930142564400 2.332812547683716e+21 6.638215592666093e+23 7.892535041376286e+25 4.953122855019734e+27 1.9079256196260963e+29 5.00055055e+30
11001101100000000000000000000001 7 17 2 2.7984738349914553e+21 7.74358519126976e+23 9.019502055910898e+25 5.572092874662424e+27 2.1198814110021774e+29 5.50055055e+30
11101101100000000000000000000001 3 2 3037853870521843700 2.891606092453003e+21 7.927813457703704e+23 9.180497343701557e+25 5.649464127117761e+27 2.1434320544884086e+29 5.55055055e+30
10011101100000000000000000000001 14419 1301 2 2.3514389991760255e+21 6.668920303738417e+23 7.915534368203522e+25 4.962794261576651e+27 1.9105423577912332e+29 5.00555055e+30
11011101100000000000000000000001 5 2 2929767479464952000 2.817100286483765e+21 7.774289902342084e+23 9.042501382738135e+25 5.581764281219341e+27 2.122498149167314e+29 5.50555055e+30
10111101100000000000000000000001 3 2 2497421915237384000 2.444571256637573e+21 6.853148570172361e+23 8.076529655994182e+25 5.040165514031987e+27 1.9340930012774644e+29 5.05555055e+30
10000011100000000000000000000001 5 1061 2 2.3284912109375e+21 6.632387383619956e+23 7.88884710267221e+25 4.951781702938599e+27 1.9076061550215737e+29 5.00000555e+30
11000011100000000000000000000001 3 2 2883042633330983000 2.794152498245239e+21 7.737756982223623e+23 9.015814117206822e+25 5.570751722581289e+27 2.1195619463976545e+29 5.50000555e+30
10100011100000000000000000000001 7 2 2450697069103415300 2.4216234683990477e+21 6.816615650053901e+23 8.049842390462868e+25 5.029152955393935e+27 1.931156798507805e+29 5.05000555e+30
10010011100000000000000000000001 3 2 2342610678046523400 2.3471176624298095e+21 6.663092094692282e+23 7.911846429499447e+25 4.961453109495516e+27 1.9102228931867103e+29 5.00500555e+30
11010011100000000000000000000001 5 31 2 2.8127789497375486e+21 7.768461693295948e+23 9.03881344403406e+25 5.580423129138206e+27 2.122178684562791e+29 5.50500555e+30
10110011100000000000000000000001 59 7691 2 2.4402499198913573e+21 6.847320361126226e+23 8.072841717290106e+25 5.038824361950852e+27 1.9337735366729415e+29 5.05500555e+30
11110011100000000000000000000001 3 2 3063186618425803000 2.9059112071990964e+21 7.952689959729893e+23 9.199808731824718e+25 5.657794381593543e+27 2.1457293280490226e+29 5.55500555e+30
10001011100000000000000000000001 11 2 2315589080282300400 2.3322165012359618e+21 6.637504835465344e+23 7.892132720790387e+25 4.952990628758214e+27 1.9078969037065888e+29 5.00050555e+30
10101011100000000000000000000001 3 29 2 2.4253487586975097e+21 6.821733101899289e+23 8.053128008581045e+25 5.03036188121355e+27 1.93144754719282e+29 5.05050555e+30
11101011100000000000000000000001 23 2 3036165020661580000 2.891010046005249e+21 7.927102700502955e+23 9.180095023115659e+25 5.64933190085624e+27 2.1434033385689007e+29 5.55050555e+30
10011011100000000000000000000001 61 157 2 2.3508429527282714e+21 6.668209546537668e+23 7.915132047617624e+25 4.962662035315131e+27 1.9105136418717257e+29 5.00550555e+30
11011011100000000000000000000001 3 2 2928078629604688000 2.8165042400360105e+21 7.773579145141335e+23 9.042099062152236e+25 5.581632054957821e+27 2.1224694332478065e+29 5.50550555e+30
10111011100000000000000000000001 13 2 2495733065377120000 2.443975210189819e+21 6.852437812971613e+23 8.076127335408283e+25 5.040033287770467e+27 1.934064285357957e+29 5.05550555e+30
11111011100000000000000000000001 5 11 2 2.9096364974975584e+21 7.95780741157528e+23 9.203094349942894e+25 5.659003307413157e+27 2.1460200767340377e+29 5.55550555e+30
10000111100000000000000000000001 3 2 2308833680841244700 2.3292362689971925e+21 6.633240292260855e+23 7.889316476689093e+25 4.951932818666051e+27 1.9076384604310195e+29 5.00005555e+30
11000111100000000000000000000001 31 47 2 2.794897556304932e+21 7.738609890864522e+23 9.016283491223705e+25 5.570902838308741e+27 2.1195942518071007e+29 5.50005555e+30
11100111100000000000000000000001 3 2 3029409621220524000 2.8880298137664797e+21 7.922838157298466e+23 9.177278779014363e+25 5.648274090764077e+27 2.143144895293332e+29 5.55005555e+30
10010111100000000000000000000001 5 11 2 2.347862720489502e+21 6.663945003333179e+23 7.91231580351633e+25 4.961604225222968e+27 1.9102551985961565e+29 5.00505555e+30
10110111100000000000000000000001 3 2 2488977665936064500 2.4409949779510496e+21 6.848173269767124e+23 8.073311091306987e+25 5.038975477678304e+27 1.9338058420823877e+29 5.05505555e+30
11110111100000000000000000000001 7 13 2 2.906656265258789e+21 7.95354286837079e+23 9.2002781058416e+25 5.657945497320994e+27 2.1457616334584688e+29 5.55505555e+30
10001111100000000000000000000001 17 5 2 2.3329615592956544e+21 6.638357744106242e+23 7.892602094807268e+25 4.953141744485666e+27 1.907929209116035e+29 5.00055555e+30
11001111100000000000000000000001 3 2 2894301632399409000 2.798622846603394e+21 7.743727342709909e+23 9.019569109341882e+25 5.572111764128356e+27 2.119885000492116e+29 5.50055555e+30
10101111100000000000000000000001 419 2 2461956068171841500 2.426093816757202e+21 6.822586010540186e+23 8.053597382597927e+25 5.030512996941002e+27 1.931479852602266e+29 5.05055555e+30
10011111100000000000000000000001 3 2 2353869677114949600 2.351588010787964e+21 6.669062455178566e+23 7.915601421634506e+25 4.962813151042583e+27 1.9105459472811715e+29 5.00555555e+30
10111111100000000000000000000001 5 13 2 2.4447202682495115e+21 6.85329072161251e+23 8.076596709425166e+25 5.040184403497919e+27 1.9340965907674027e+29 5.05555555e+30
11111111100000000000000000000001 3 2 3074445617494229000 2.910381555557251e+21 7.958660320216177e+23 9.203563723959778e+25 5.659154423140609e+27 2.146052382143484e+29 5.55555555e+30
11000000010000000000000000000001 1559 2 2882312557610139600 2.793968915939331e+21 7.737587848334186e+23 9.015736311767955e+25 5.570730213677699e+27 2.1195579186846645e+29 5.500000005e+30
10100000010000000000000000000001 3 2 2449966993382572000 2.42143988609314e+21 6.816446516164464e+23 8.049764585024e+25 5.029131446490346e+27 1.931152770794815e+29 5.050000005e+30
11100000010000000000000000000001 17 7 2 2.887101173400879e+21 7.921816114768131e+23 9.176731599558614e+25 5.648101466133036e+27 2.1431085621708957e+29 5.550000005e+30
10010000010000000000000000000001 7 2 2341880602325680000 2.3469340801239013e+21 6.662922960802844e+23 7.91176862406058e+25 4.961431600591926e+27 1.9102188654737203e+29 5.005000005e+30
11010000010000000000000000000001 3 157 2 2.8125953674316407e+21 7.76829255940651e+23 9.038735638595193e+25 5.580401620234616e+27 2.1221746568498014e+29 5.505000005e+30
10110000010000000000000000000001 31 11 2 2.4400663375854494e+21 6.847151227236788e+23 8.072763911851239e+25 5.038802853047263e+27 1.933769508959952e+29 5.055000005e+30
11110000010000000000000000000001 5 2 3062456542704959500 2.9057276248931885e+21 7.952520825840455e+23 9.199730926385851e+25 5.657772872689953e+27 2.1457253003360326e+29 5.555000005e+30
10001000010000000000000000000001 3 2 2314859004561457000 2.3320329189300537e+21 6.637335701575907e+23 7.89205491535152e+25 4.952969119854624e+27 1.9078928759935988e+29 5.000500005e+30
11001000010000000000000000000001 5 349477 2 2.797694206237793e+21 7.742705300179574e+23 9.019021929886132e+25 5.571939139497314e+27 2.1198486673696796e+29 5.500500005e+30
10101000010000000000000000000001 37 31 2 2.425165176391602e+21 6.821563968009852e+23 8.053050203142178e+25 5.03034037230996e+27 1.93144351947983e+29 5.050500005e+30
11101000010000000000000000000001 3 2 3035434944940736500 2.890826463699341e+21 7.926933566613519e+23 9.180017217676792e+25 5.64931039195265e+27 2.143399310855911e+29 5.550500005e+30
10011000010000000000000000000001 47 5 2 2.3506593704223632e+21 6.668040412648232e+23 7.915054242178757e+25 4.962640526411541e+27 1.9105096141587357e+29 5.005500005e+30
10111000010000000000000000000001 3 2 2495002989656277000 2.4437916278839113e+21 6.852268679082176e+23 8.076049529969416e+25 5.040011778866877e+27 1.934060257644967e+29 5.055500005e+30
11111000010000000000000000000001 20107 89 2 2.9094529151916505e+21 7.957638277685843e+23 9.203016544504028e+25 5.658981798509567e+27 2.1460160490210477e+29 5.555500005e+30
10000100010000000000000000000001 13 2 2308103605120401400 2.3290526866912843e+21 6.633071158371417e+23 7.889238671250226e+25 4.951911309762461e+27 1.9076344327180296e+29 5.000050005e+30
11000100010000000000000000000001 3 5 2 2.7947139739990234e+21 7.738440756975084e+23 9.016205685784838e+25 5.570881329405151e+27 2.1195902240941107e+29 5.500050005e+30
11100100010000000000000000000001 7 2 3028679545499681000 2.887846231460571e+21 7.922669023409028e+23 9.177200973575495e+25 5.648252581860487e+27 2.1431408675803423e+29 5.550050005e+30
10010100010000000000000000000001 3 7 2 2.3476791381835939e+21 6.663775869443742e+23 7.912237998077462e+25 4.961582716319378e+27 1.9102511708831665e+29 5.005050005e+30
11010100010000000000000000000001 19 2 2920593154442789000 2.813340425491333e+21 7.769145468047409e+23 9.039205012612074e+25 5.580552735962068e+27 2.1222069622592476e+29 5.505050005e+30
10110100010000000000000000000001 5 2 2488247590215221000 2.4408113956451417e+21 6.848004135877687e+23 8.07323328586812e+25 5.038953968774714e+27 1.9338018143693977e+29 5.055050005e+30
10001100010000000000000000000001 5 227 2 2.3327779769897462e+21 6.638188610216805e+23 7.892524289368403e+25 4.953120235582076e+27 1.907925181403045e+29 5.000550005e+30
11001100010000000000000000000001 107 2 2893571556678566000 2.7984392642974853e+21 7.743558208820472e+23 9.019491303903015e+25 5.572090255224766e+27 2.119880972779126e+29 5.500550005e+30
10101100010000000000000000000001 3 2 2461225992450998300 2.425910234451294e+21 6.82241687665075e+23 8.05351957715906e+25 5.030491488037412e+27 1.9314758248892762e+29 5.050550005e+30
11101100010000000000000000000001 13 5 2 2.891571521759033e+21 7.927786475254416e+23 9.180486591693674e+25 5.649461507680102e+27 2.1434316162653573e+29 5.550550005e+30
10011100010000000000000000000001 17 2 2353139601394106400 2.3514044284820558e+21 6.668893321289129e+23 7.91552361619564e+25 4.962791642138993e+27 1.910541919568182e+29 5.005550005e+30
11011100010000000000000000000001 3 7 2 2.817065715789795e+21 7.774262919892796e+23 9.042490630730251e+25 5.581761661781683e+27 2.122497710944263e+29 5.505550005e+30
10111100010000000000000000000001 43 37 2 2.4445366859436036e+21 6.853121587723074e+23 8.076518903986299e+25 5.040162894594329e+27 1.934092563054413e+29 5.055550005e+30
11111100010000000000000000000001 11 2 3073715541773385700 2.9101979732513427e+21 7.95849118632674e+23 9.20348591852091e+25 5.659132914237019e+27 2.1460483544304942e+29 5.555550005e+30
10000010010000000000000000000001 3 2 2306414755260137500 2.3284566402435302e+21 6.63236040117067e+23 7.888836350664325e+25 4.951779083500941e+27 1.907605716798522e+29 5.000005005e+30
11000010010000000000000000000001 29 41 2 2.7941179275512696e+21 7.737729999774337e+23 9.015803365198939e+25 5.570749103143631e+27 2.1195615081746032e+29 5.500005005e+30
11100010010000000000000000000001 3 2 3026990695639417000 2.8872501850128174e+21 7.921958266208281e+23 9.176798652989598e+25 5.648120355598967e+27 2.1431121516608344e+29 5.550005005e+30
10010010010000000000000000000001 101 13 2 2.3470830917358398e+21 6.663065112242994e+23 7.911835677491563e+25 4.961450490057858e+27 1.910222454963659e+29 5.005005005e+30
11010010010000000000000000000001 5 2 2918904304582525000 2.812744379043579e+21 7.768434710846661e+23 9.038802692026176e+25 5.580420509700548e+27 2.12217824633974e+29 5.505005005e+30
10110010010000000000000000000001 3 2 2486558740354957300 2.440215349197388e+21 6.847293378676938e+23 8.072830965282223e+25 5.038821742513194e+27 1.93377309844989e+29 5.055005005e+30
11110010010000000000000000000001 7 130850052552499 2 2.905876636505127e+21 7.952662977280605e+23 9.199797979816835e+25 5.657791762155884e+27 2.1457288898259713e+29 5.555005005e+30
11001010010000000000000000000001 3 2 2891882706818302000 2.7978432178497315e+21 7.742847451619723e+23 9.019088983317114e+25 5.571958028963245e+27 2.1198522568596182e+29 5.500505005e+30
10101010010000000000000000000001 5 2 2459537142590734300 2.42531418800354e+21 6.821706119450001e+23 8.053117256573162e+25 5.030359261775892e+27 1.9314471089697686e+29 5.050505005e+30
11101010010000000000000000000001 79 2819 2 2.8909754753112793e+21 7.927075718053668e+23 9.180084271107776e+25 5.649329281418582e+27 2.1434029003458498e+29 5.550505005e+30
10011010010000000000000000000001 3 2 2351450751533842400 2.3508083820343017e+21 6.66818256408838e+23 7.915121295609739e+25 4.962659415877472e+27 1.910513203648674e+29 5.005505005e+30
11011010010000000000000000000001 23 173 2 2.816469669342041e+21 7.773552162692047e+23 9.042088310144353e+25 5.581629435520163e+27 2.122468995024755e+29 5.505505005e+30
11111010010000000000000000000001 3 2 3072026691913122000 2.909601926803589e+21 7.957780429125992e+23 9.20308359793501e+25 5.659000687975499e+27 2.1460196385109864e+29 5.555505005e+30
10000110010000000000000000000001 283 89 2 2.3292016983032227e+21 6.633213309811567e+23 7.889305724681208e+25 4.951930199228393e+27 1.9076380222079682e+29 5.000055005e+30
11000110010000000000000000000001 2621 2 2885127307377246000 2.794862985610962e+21 7.738582908415234e+23 9.016272739215822e+25 5.570900218871083e+27 2.119593813584049e+29 5.500055005e+30
10100110010000000000000000000001 3 2 2452781743149678600 2.4223339557647706e+21 6.817441576245512e+23 8.050301012471867e+25 5.029301451683729e+27 1.9311886656941994e+29 5.050055005e+30
11100110010000000000000000000001 5 11 2 2.8879952430725097e+21 7.922811174849179e+23 9.17726802700648e+25 5.648271471326419e+27 2.1431444570702802e+29 5.550055005e+30
10010110010000000000000000000001 5 2 2344695352092786700 2.3478281497955323e+21 6.663918020883892e+23 7.912305051508446e+25 4.96160160578531e+27 1.910254760373105e+29 5.005055005e+30
11010110010000000000000000000001 3 29 2 2.8134894371032714e+21 7.769287619487558e+23 9.039272066043058e+25 5.580571625428e+27 2.122210551749186e+29 5.505055005e+30
10110110010000000000000000000001 109 8325131 2 2.44096040725708e+21 6.848146287317836e+23 8.073300339299104e+25 5.038972858240646e+27 1.9338054038593363e+29 5.055055005e+30
11110110010000000000000000000001 47 2 3065271292472066000 2.9066216945648193e+21 7.953515885921503e+23 9.200267353833718e+25 5.657942877883336e+27 2.145761195235417e+29 5.555055005e+30
10001110010000000000000000000001 3 2 2317673754328563700 2.3329269886016847e+21 6.638330761656954e+23 7.892591342799385e+25 4.953139125048007e+27 1.9079287708929833e+29 5.000555005e+30
11001110010000000000000000000001 71 5 2 2.798588275909424e+21 7.743700360260621e+23 9.019558357333999e+25 5.572109144690697e+27 2.1198845622690644e+29 5.500555005e+30
10101110010000000000000000000001 19 97 2 2.4260592460632325e+21 6.822559028090899e+23 8.053586630590044e+25 5.030510377503343e+27 1.9314794143792145e+29 5.050555005e+30
11101110010000000000000000000001 3 2 3038249694707843000 2.8917205333709716e+21 7.927928626694565e+23 9.180553645124657e+25 5.649480397146034e+27 2.1434352057552956e+29 5.550555005e+30
10011110010000000000000000000001 7 59 2 2.3515534400939942e+21 6.669035472729278e+23 7.915590669626622e+25 4.962810531604924e+27 1.9105455090581202e+29 5.005555005e+30
11011110010000000000000000000001 89 2 2930163303650951000 2.8172147274017334e+21 7.774405071332945e+23 9.042557684161234e+25 5.581780551247614e+27 2.122501300434201e+29 5.505555005e+30
10111110010000000000000000000001 3 2 2497817739423383600 2.444685697555542e+21 6.853263739163223e+23 8.076585957417281e+25 5.04018178406026e+27 1.9340961525443514e+29 5.055555005e+30
11111110010000000000000000000001 353 131 2 2.910346984863281e+21 7.95863333776689e+23 9.203552971951895e+25 5.659151803702951e+27 2.1460519439204322e+29 5.555555005e+30
11000001010000000000000000000001 3 19 2 2.793998718261719e+21 7.737611540240879e+23 9.015745890829524e+25 5.570732574860941e+27 2.11955831751688e+29 5.500000505e+30
11100001010000000000000000000001 5 2 3026568483174351000 2.887130975723267e+21 7.921839806674824e+23 9.176741178620184e+25 5.648103827316277e+27 2.1431089610031112e+29 5.550000505e+30
10010001010000000000000000000001 3 11 2 2.346963882446289e+21 6.662946652709535e+23 7.911778203122149e+25 4.961433961775168e+27 1.9102192643059358e+29 5.005000505e+30
10110001010000000000000000000001 823 2 2486136527889891300 2.4400961399078367e+21 6.847174919143481e+23 8.072773490912808e+25 5.038805214230504e+27 1.933769907792167e+29 5.055000505e+30
11110001010000000000000000000001 3 29 2 2.9057574272155763e+21 7.952544517747148e+23 9.19974050544742e+25 5.657775233873194e+27 2.145725699168248e+29 5.555000505e+30
10001001010000000000000000000001 7 5 2 2.3320627212524415e+21 6.637359393482599e+23 7.892064494413088e+25 4.952971481037865e+27 1.9078932748258143e+29 5.000500505e+30
11001001010000000000000000000001 61 2 2891460494353236000 2.797724008560181e+21 7.742728992086266e+23 9.019031508947702e+25 5.571941500680555e+27 2.119849066201895e+29 5.500500505e+30
10101001010000000000000000000001 3 2 2459114930125668400 2.425194978713989e+21 6.821587659916543e+23 8.053059782203747e+25 5.030342733493202e+27 1.9314439183120455e+29 5.050500505e+30
11101001010000000000000000000001 2029 7 2 2.8908562660217287e+21 7.92695725852021e+23 9.180026796738361e+25 5.649312753135892e+27 2.1433997096881263e+29 5.550500505e+30
10011001010000000000000000000001 11 2 2351028539068776400 2.350689172744751e+21 6.668064104554923e+23 7.915063821240326e+25 4.962642887594782e+27 1.9105100129909512e+29 5.005500505e+30
11011001010000000000000000000001 3 5 2 2.8163504600524904e+21 7.77343370315859e+23 9.042030835774938e+25 5.581612907237472e+27 2.122465804367032e+29 5.505500505e+30
10111001010000000000000000000001 5 113 2 2.4438214302062986e+21 6.852292370988868e+23 8.076059109030985e+25 5.040014140050119e+27 1.9340606564771824e+29 5.055500505e+30
11111001010000000000000000000001 7 2 3071604479448056000 2.909482717514038e+21 7.957661969592534e+23 9.203026123565598e+25 5.658984159692809e+27 2.1460164478532632e+29 5.555500505e+30
10000101010000000000000000000001 3 29 2 2.3290824890136718e+21 6.63309485027811e+23 7.889248250311793e+25 4.951913670945703e+27 1.907634831550245e+29 5.000050505e+30
11000101010000000000000000000001 11 2 2884705094912180000 2.794743776321411e+21 7.738464448881777e+23 9.016215264846407e+25 5.570883690588393e+27 2.1195906229263262e+29 5.500050505e+30
10100101010000000000000000000001 5 2 2452359530684612600 2.42221474647522e+21 6.817323116712054e+23 8.050243538102454e+25 5.029284923401039e+27 1.9311854750364763e+29 5.050050505e+30
11100101010000000000000000000001 3 174221 2 2.887876033782959e+21 7.922692715315721e+23 9.177210552637065e+25 5.648254943043729e+27 2.1431412664125574e+29 5.550050505e+30
10010101010000000000000000000001 23 2 2344273139627720700 2.3477089405059814e+21 6.663799561350434e+23 7.912247577139032e+25 4.96158507750262e+27 1.910251569715382e+29 5.005050505e+30
10110101010000000000000000000001 3 43 2 2.4408411979675295e+21 6.848027827784378e+23 8.07324286492969e+25 5.038956329957956e+27 1.933802213201613e+29 5.055050505e+30
11110101010000000000000000000001 5 2 3064849080007000000 2.9065024852752686e+21 7.953397426388045e+23 9.200209879464303e+25 5.657926349600646e+27 2.1457580045776943e+29 5.555050505e+30
11001101010000000000000000000001 3 31 2 2.798469066619873e+21 7.743581900727165e+23 9.019500882964584e+25 5.572092616408007e+27 2.1198813716113416e+29 5.500550505e+30
10101101010000000000000000000001 17 11 2 2.425940036773682e+21 6.822440568557442e+23 8.05352915622063e+25 5.030493849220653e+27 1.9314762237214917e+29 5.050550505e+30
11101101010000000000000000000001 1129 2 3037827482242777000 2.891601324081421e+21 7.927810167161109e+23 9.180496170755242e+25 5.649463868863344e+27 2.1434320150975728e+29 5.550550505e+30
10011101010000000000000000000001 3 5 2 2.3514342308044433e+21 6.66891701319582e+23 7.915533195257207e+25 4.962794003322234e+27 1.910542318400397e+29 5.005550505e+30
11011101010000000000000000000001 7 2 2929741091185885000 2.8170955181121827e+21 7.774286611799489e+23 9.04250020979182e+25 5.581764022964924e+27 2.1224981097764782e+29 5.505550505e+30
10000011010000000000000000000001 11 71 2 2.328486442565918e+21 6.632384093077361e+23 7.888845929725895e+25 4.951781444684182e+27 1.9076061156307375e+29 5.000005505e+30
11000011010000000000000000000001 5 2 2883016245051916300 2.7941477298736574e+21 7.737753691681028e+23 9.015812944260508e+25 5.570751464326872e+27 2.1195619070068187e+29 5.500005505e+30
10100011010000000000000000000001 3 2 2450670680824348700 2.4216187000274656e+21 6.816612359511306e+23 8.049841217516554e+25 5.029152697139518e+27 1.9311567591169687e+29 5.050005505e+30
11100011010000000000000000000001 67 907 2 2.887279987335205e+21 7.921981958114973e+23 9.176808232051168e+25 5.648122716782209e+27 2.14311255049305e+29 5.550005505e+30
11010011010000000000000000000001 3 41 2 2.812774181365967e+21 7.768458402753352e+23 9.038812271087745e+25 5.580422870883789e+27 2.1221786451719556e+29 5.505005505e+30
10110011010000000000000000000001 7 5 2 2.440245151519775e+21 6.84731707058363e+23 8.072840544343792e+25 5.038824103696435e+27 1.9337734972821056e+29 5.055005505e+30
11110011010000000000000000000001 83 2 3063160230146736000 2.905906438827515e+21 7.952686669187297e+23 9.199807558878404e+25 5.657794123339126e+27 2.1457292886581868e+29 5.555005505e+30
10001011010000000000000000000001 3 2 2315562692003234000 2.33221173286438e+21 6.637501544922748e+23 7.892131547844072e+25 4.952990370503797e+27 1.9078968643157526e+29 5.000505505e+30
11001011010000000000000000000001 179 13 2 2.7978730201721193e+21 7.742871143526416e+23 9.019098562378684e+25 5.571960390146487e+27 2.1198526556918337e+29 5.500505505e+30
10101011010000000000000000000001 13 19 2 2.4253439903259275e+21 6.821729811356694e+23 8.053126835634731e+25 5.030361622959133e+27 1.9314475078019838e+29 5.050505505e+30
11101011010000000000000000000001 3 2 3036138632382513000 2.891005277633667e+21 7.927099409960361e+23 9.180093850169345e+25 5.649331642601823e+27 2.143403299178065e+29 5.550505505e+30
10011011010000000000000000000001 5 5336563 2 2.3508381843566895e+21 6.668206255995072e+23 7.915130874671308e+25 4.962661777060714e+27 1.9105136024808895e+29 5.005505505e+30
11011011010000000000000000000001 11 2 2928052241325621000 2.816499471664429e+21 7.77357585459874e+23 9.042097889205922e+25 5.581631796703404e+27 2.1224693938569706e+29 5.505505505e+30
10111011010000000000000000000001 3 2 2495706677098053600 2.443970441818237e+21 6.852434522429018e+23 8.076126162461968e+25 5.04003302951605e+27 1.9340642459671207e+29 5.055505505e+30
11111011010000000000000000000001 379 7 2 2.9096317291259767e+21 7.957804121032685e+23 9.20309317699658e+25 5.65900304915874e+27 2.146020037343202e+29 5.555505505e+30
10000111010000000000000000000001 5 2 2308807292562178000 2.3292315006256103e+21 6.633237001718259e+23 7.889315303742777e+25 4.951932560411634e+27 1.9076384210401837e+29 5.000055505e+30
11000111010000000000000000000001 3 11 2 2.7948927879333497e+21 7.738606600321927e+23 9.016282318277391e+25 5.570902580054324e+27 2.1195942124162645e+29 5.500055505e+30
11100111010000000000000000000001 19 2 3029383232941457400 2.8880250453948975e+21 7.922834866755872e+23 9.177277606068049e+25 5.64827383250966e+27 2.1431448559024957e+29 5.550055505e+30
10010111010000000000000000000001 3 409 2 2.3478579521179198e+21 6.663941712790583e+23 7.912314630570014e+25 4.961603966968551e+27 1.9102551592053203e+29 5.005055505e+30
11010111010000000000000000000001 5 2 2921296841884565500 2.813519239425659e+21 7.76931131139425e+23 9.039281645104628e+25 5.580573986611241e+27 2.1222109505814014e+29 5.505055505e+30
11110111010000000000000000000001 3 23 2 2.906651496887207e+21 7.953539577828194e+23 9.200276932895287e+25 5.657945239066577e+27 2.1457615940676326e+29 5.555055505e+30
11001111010000000000000000000001 7 2 2894275244120342500 2.7986180782318116e+21 7.743724052167314e+23 9.019567936395568e+25 5.572111505873939e+27 2.1198849611012796e+29 5.500555505e+30
10101111010000000000000000000001 3 2 2461929679892775000 2.4260890483856203e+21 6.822582719997591e+23 8.053596209651614e+25 5.030512738686585e+27 1.93147981321143e+29 5.050555505e+30
11011111010000000000000000000001 3 43 2 2.817244529724121e+21 7.774428763239638e+23 9.042567263222803e+25 5.581782912430856e+27 2.1225016992664165e+29 5.505555505e+30
11111111010000000000000000000001 5 2 3074419229215162400 2.910376787185669e+21 7.958657029673582e+23 9.203562551013462e+25 5.659154164886192e+27 2.1460523427526477e+29 5.555555505e+30
10000000110000000000000000000001 3 2 2305886989678805000 2.3283135890960695e+21 6.632222198381636e+23 7.88877066567071e+25 4.951760489182914e+27 1.9076021716232743e+29 5.000000055e+30
11000000110000000000000000000001 5 7 2 2.7939748764038086e+21 7.737591796985302e+23 9.015737680205323e+25 5.570730508825605e+27 2.1195579629993555e+29 5.500000055e+30
10100000110000000000000000000001 23 11 2 2.4214458465576173e+21 6.81645046481558e+23 8.049765953461369e+25 5.029131741638251e+27 1.9311528151095055e+29 5.050000055e+30
11100000110000000000000000000001 3 2 3026462930058084400 2.8871071338653564e+21 7.921820063419247e+23 9.17673296799598e+25 5.648101761280941e+27 2.1431086064855867e+29 5.550000055e+30
10010000110000000000000000000001 1877 5 2 2.346940040588379e+21 6.66292690945396e+23 7.911769992497946e+25 4.961431895739831e+27 1.9102189097884113e+29 5.005000055e+30
11010000110000000000000000000001 29 2 2918376539001192400 2.812601327896118e+21 7.768296508057626e+23 9.03873700703256e+25 5.580401915382522e+27 2.1221747011644924e+29 5.505000055e+30
10110000110000000000000000000001 3 2 2486030974773625000 2.440072298049927e+21 6.847155175887904e+23 8.072765280288605e+25 5.038803148195168e+27 1.9337695532746425e+29 5.055000055e+30
11110000110000000000000000000001 19 17 2 2.905733585357666e+21 7.952524774491571e+23 9.199732294823219e+25 5.657773167837858e+27 2.1457253446507236e+29 5.555000055e+30
10001000110000000000000000000001 11 5443 2 2.3320388793945314e+21 6.637339650227022e+23 7.892056283788886e+25 4.952969415002529e+27 1.9078929203082894e+29 5.000500055e+30
11001000110000000000000000000001 3 2 2891354941236969500 2.7977001667022705e+21 7.742709248830689e+23 9.0190232983235e+25 5.571939434645219e+27 2.1198487116843705e+29 5.500500055e+30
10101000110000000000000000000001 7 2 2459009377009402000 2.425171136856079e+21 6.821567916660967e+23 8.053051571579546e+25 5.030340667457865e+27 1.9314435637945206e+29 5.050500055e+30
10011000110000000000000000000001 3 2 2350922985952510000 2.350665330886841e+21 6.668044361299346e+23 7.915055610616123e+25 4.962640821559446e+27 1.9105096584734263e+29 5.005500055e+30
11011000110000000000000000000001 13 11 2 2.81632661819458e+21 7.773413959903013e+23 9.042022625150737e+25 5.581610841202136e+27 2.1224654498495075e+29 5.505500055e+30
10111000110000000000000000000001 173 5 2 2.443797588348389e+21 6.852272627733291e+23 8.076050898406782e+25 5.040012074014782e+27 1.9340603019596575e+29 5.055500055e+30
11111000110000000000000000000001 3 2 3071498926331789300 2.909458875656128e+21 7.957642226336958e+23 9.203017912941396e+25 5.658982093657472e+27 2.1460160933357387e+29 5.555500055e+30
11000100110000000000000000000001 7 2 2884599541795913700 2.794719934463501e+21 7.7384447056262e+23 9.016207054222204e+25 5.570881624553056e+27 2.1195902684088013e+29 5.500050055e+30
10100100110000000000000000000001 3 2 2452253977568346000 2.4221909046173096e+21 6.817303373456478e+23 8.050235327478251e+25 5.029282857365703e+27 1.9311851205189517e+29 5.050050055e+30
10010100110000000000000000000001 4517 2 2344167586511454000 2.3476850986480713e+21 6.663779818094857e+23 7.912239366514828e+25 4.961583011467283e+27 1.910251215197857e+29 5.005050055e+30
11010100110000000000000000000001 3 53 2 2.8133463859558104e+21 7.769149416698524e+23 9.039206381049442e+25 5.580553031109973e+27 2.1222070065739382e+29 5.505050055e+30
10110100110000000000000000000001 11 127 2 2.440817356109619e+21 6.848008084528802e+23 8.073234654305488e+25 5.03895426392262e+27 1.9338018586840883e+29 5.055050055e+30
10001100110000000000000000000001 3 2 2317145988747231000 2.3327839374542237e+21 6.638192558867921e+23 7.892525657805769e+25 4.953120530729981e+27 1.9079252257177356e+29 5.000550055e+30
10101100110000000000000000000001 5 1726103 2 2.4259161949157715e+21 6.822420825301866e+23 8.053520945596427e+25 5.030491783185317e+27 1.9314758692039668e+29 5.050550055e+30
11101100110000000000000000000001 3 2 3037721929126510600 2.8915774822235106e+21 7.927790423905532e+23 9.18048796013104e+25 5.649461802828007e+27 2.1434316605800476e+29 5.550550055e+30
11011100110000000000000000000001 163 2 2929635538069618700 2.8170716762542724e+21 7.774266868543912e+23 9.04249199916762e+25 5.581761956929588e+27 2.1224977552589533e+29 5.505550055e+30
10111100110000000000000000000001 3 2 2497289973842051000 2.444542646408081e+21 6.85312553637419e+23 8.076520272423665e+25 5.040163189742234e+27 1.9340926073691037e+29 5.055550055e+30
11111100110000000000000000000001 5 13 2 2.91020393371582e+21 7.958495134977856e+23 9.203487286958277e+25 5.659133209384924e+27 2.1460483987451845e+29 5.555550055e+30
10000010110000000000000000000001 17 4251703 2 2.328462600708008e+21 6.632364349821785e+23 7.888837719101693e+25 4.951779378648846e+27 1.9076057611132126e+29 5.000005055e+30
11000010110000000000000000000001 3 2 2882910691935650000 2.794123888015747e+21 7.737733948425452e+23 9.015804733636307e+25 5.570749398291536e+27 2.1195615524892938e+29 5.500005055e+30
10100010110000000000000000000001 5 2 2450565127708082000 2.421594858169556e+21 6.816592616255729e+23 8.049833006892353e+25 5.029150631104182e+27 1.931156404599444e+29 5.050005055e+30
11100010110000000000000000000001 23431 769 2 2.887256145477295e+21 7.921962214859396e+23 9.176800021426965e+25 5.648120650746872e+27 2.143112195975525e+29 5.550005055e+30
10010010110000000000000000000001 3 2 2342478736651190300 2.3470890522003175e+21 6.663069060894109e+23 7.91183704592893e+25 4.961450785205763e+27 1.9102224992783496e+29 5.005005055e+30
11010010110000000000000000000001 7 121059161954491 2 2.8127503395080566e+21 7.768438659497776e+23 9.038804060463542e+25 5.580420804848453e+27 2.1221782906544304e+29 5.505005055e+30
11110010110000000000000000000001 3 2 3063054677030469600 2.9058825969696044e+21 7.95266692593172e+23 9.199799348254203e+25 5.657792057303789e+27 2.1457289341406616e+29 5.555005055e+30
10001010110000000000000000000001 13 2 2315457138886967300 2.3321878910064698e+21 6.637481801667173e+23 7.892123337219869e+25 4.95298830446846e+27 1.907896509798228e+29 5.000505055e+30
11001010110000000000000000000001 5 23 2 2.797849178314209e+21 7.74285140027084e+23 9.019090351754483e+25 5.571958324111151e+27 2.119852301174309e+29 5.500505055e+30
10101010110000000000000000000001 3 83 2 2.4253201484680177e+21 6.821710068101117e+23 8.05311862501053e+25 5.030359556923797e+27 1.9314471532844593e+29 5.050505055e+30
10011010110000000000000000000001 7 5 2 2.3508143424987794e+21 6.668186512739497e+23 7.915122664047107e+25 4.962659711025378e+27 1.9105132479633646e+29 5.005505055e+30
11011010110000000000000000000001 3 2 2927946688209355000 2.8164756298065185e+21 7.773556111343164e+23 9.042089678581719e+25 5.581629730668068e+27 2.1224690393394458e+29 5.505505055e+30
10111010110000000000000000000001 37 2 2495601123981787000 2.443946599960327e+21 6.852414779173441e+23 8.076117951837765e+25 5.040030963480714e+27 1.934063891449596e+29 5.055505055e+30
10000110110000000000000000000001 3 2 2308701739445911600 2.3292076587677002e+21 6.633217258462684e+23 7.889307093118576e+25 4.951930494376298e+27 1.907638066522659e+29 5.000055055e+30
11000110110000000000000000000001 17 5 2 2.7948689460754393e+21 7.73858685706635e+23 9.016274107653188e+25 5.570900514018988e+27 2.11959385789874e+29 5.500055055e+30
11100110110000000000000000000001 3 2 3029277679825191000 2.888001203536987e+21 7.922815123500295e+23 9.177269395443847e+25 5.648271766474324e+27 2.1431445013849712e+29 5.550055055e+30
10010110110000000000000000000001 29 1213 2 2.3478341102600098e+21 6.663921969535006e+23 7.912306419945812e+25 4.961601900933215e+27 1.9102548046877958e+29 5.005055055e+30
10110110110000000000000000000001 3 2 2488845724540731400 2.4409663677215576e+21 6.848150235968951e+23 8.073301707736472e+25 5.038973153388551e+27 1.933805448174027e+29 5.055055055e+30
11110110110000000000000000000001 11 7 2 2.9066276550292967e+21 7.953519834572618e+23 9.200268722271084e+25 5.657943173031241e+27 2.145761239550108e+29 5.555055055e+30
10001110110000000000000000000001 5 37 2 2.332932949066162e+21 6.63833471030807e+23 7.892592711236751e+25 4.953139420195912e+27 1.9079288152076742e+29 5.000555055e+30
11001110110000000000000000000001 3 2 2894169691004076000 2.798594236373901e+21 7.743704308911737e+23 9.019559725771365e+25 5.572109439838603e+27 2.119884606583755e+29 5.500555055e+30
10101110110000000000000000000001 239 2 2461824126776508400 2.42606520652771e+21 6.822562976742015e+23 8.05358799902741e+25 5.030510672651249e+27 1.9314794586939054e+29 5.050555055e+30
11101110110000000000000000000001 7 5 2 2.891726493835449e+21 7.927932575345682e+23 9.180555013562025e+25 5.649480692293939e+27 2.1434352500699866e+29 5.550555055e+30
10011110110000000000000000000001 3 2 2353737735719616500 2.3515594005584717e+21 6.669039421380394e+23 7.915592038063988e+25 4.962810826752829e+27 1.9105455533728108e+29 5.005555055e+30
11011110110000000000000000000001 5 17 2 2.817220687866211e+21 7.774409019984061e+23 9.042559052598602e+25 5.58178084639552e+27 2.122501344748892e+29 5.505555055e+30
10111110110000000000000000000001 13 2089 2 2.4446916580200195e+21 6.853267687814339e+23 8.076587325854649e+25 5.040182079208166e+27 1.934096196859042e+29 5.055555055e+30
11111110110000000000000000000001 3 2 3074313676098896000 2.9103529453277586e+21 7.958637286418006e+23 9.203554340389261e+25 5.659152098850856e+27 2.146051988235123e+29 5.555555055e+30
10000001110000000000000000000001 31 5 2 2.328343391418457e+21 6.632245890288327e+23 7.888780244732279e+25 4.951762850366156e+27 1.9076025704554898e+29 5.000000555e+30
11000001110000000000000000000001 67 2 2882488479470584000 2.7940046787261964e+21 7.737615488891993e+23 9.01574725926689e+25 5.570732870008846e+27 2.119558361831571e+29 5.500000555e+30
10100001110000000000000000000001 3 2 2450142915243016000 2.421475648880005e+21 6.81647415672227e+23 8.049775532522938e+25 5.029134102821492e+27 1.931153213941721e+29 5.050000555e+30
11100001110000000000000000000001 3659 880027 2 2.887136936187744e+21 7.921843755325937e+23 9.17674254705755e+25 5.648104122464182e+27 2.143109005317802e+29 5.550000555e+30
10010001110000000000000000000001 19 2 2342056524186124300 2.3469698429107666e+21 6.662950601360651e+23 7.911779571559515e+25 4.961434256923073e+27 1.9102193086206264e+29 5.005000555e+30
11010001110000000000000000000001 3 5 2 2.812631130218506e+21 7.768320199964317e+23 9.038746586094129e+25 5.580404276565763e+27 2.1221750999967075e+29 5.505000555e+30
11110001110000000000000000000001 71 2 3062632464565403600 2.905763387680054e+21 7.952548466398261e+23 9.199741873884788e+25 5.657775529021099e+27 2.1457257434829387e+29 5.555000555e+30
10001001110000000000000000000001 3 2 2315034926421901300 2.332068681716919e+21 6.637363342133714e+23 7.892065862850456e+25 4.95297177618577e+27 1.907893319140505e+29 5.000500555e+30
11001001110000000000000000000001 83 7 2 2.7977299690246583e+21 7.74273294073738e+23 9.01903287738507e+25 5.571941795828461e+27 2.119849110516586e+29 5.500500555e+30
10101001110000000000000000000001 11 5 2 2.425200939178467e+21 6.821591608567658e+23 8.053061150641115e+25 5.030343028641107e+27 1.931443962626736e+29 5.050500555e+30
11101001110000000000000000000001 3 2 3035610866801180700 2.890862226486206e+21 7.926961207171325e+23 9.180028165175727e+25 5.649313048283797e+27 2.1433997540028172e+29 5.550500555e+30
10011001110000000000000000000001 22037 19 2 2.3506951332092285e+21 6.668068053206038e+23 7.915065189677692e+25 4.962643182742688e+27 1.9105100573056418e+29 5.005500555e+30
11011001110000000000000000000001 5 2 2927524475744289000 2.816356420516968e+21 7.773437651809705e+23 9.042032204212304e+25 5.581613202385378e+27 2.122465848681723e+29 5.505500555e+30
10111001110000000000000000000001 3 2 2495178911516721000 2.4438273906707766e+21 6.852296319639982e+23 8.076060477468352e+25 5.040014435198024e+27 1.934060700791873e+29 5.055500555e+30
11111001110000000000000000000001 17 5 2 2.9094886779785157e+21 7.957665918243649e+23 9.203027492002966e+25 5.658984454840714e+27 2.146016492167954e+29 5.555500555e+30
10000101110000000000000000000001 7 2 2308279526980845600 2.3290884494781495e+21 6.633098798929225e+23 7.889249618749161e+25 4.951913966093608e+27 1.9076348758649357e+29 5.000050555e+30
11000101110000000000000000000001 3 439 2 2.7947497367858887e+21 7.738468397532891e+23 9.016216633283773e+25 5.570883985736298e+27 2.1195906672410168e+29 5.500050555e+30
11100101110000000000000000000001 13 2 3028855467360125000 2.8878819942474365e+21 7.922696663966836e+23 9.177211921074433e+25 5.648255238191634e+27 2.143141310727248e+29 5.550050555e+30
10010101110000000000000000000001 3 5 2 2.347714900970459e+21 6.663803510001549e+23 7.912248945576398e+25 4.961585372650525e+27 1.9102516140300726e+29 5.005050555e+30
11010101110000000000000000000001 11 2 2920769076303233000 2.813376188278198e+21 7.769173108605216e+23 9.039215960111012e+25 5.580555392293215e+27 2.1222074054061534e+29 5.505050555e+30
10110101110000000000000000000001 17 2 2488423512075665400 2.440847158432007e+21 6.848031776435493e+23 8.073244233367057e+25 5.038956625105861e+27 1.9338022575163038e+29 5.055050555e+30
11110101110000000000000000000001 3 13 2 2.906508445739746e+21 7.95340137503916e+23 9.20021124790167e+25 5.657926644748551e+27 2.145758048892385e+29 5.555050555e+30
10101101110000000000000000000001 3 2 2461401914311442400 2.4259459972381593e+21 6.822444517208556e+23 8.053530524657996e+25 5.030494144368559e+27 1.9314762680361823e+29 5.050550555e+30
11101101110000000000000000000001 5 7 2 2.8916072845458984e+21 7.927814115812223e+23 9.18049753919261e+25 5.649464164011249e+27 2.143432059412263e+29 5.550550555e+30
10011101110000000000000000000001 5 2 2353315523254550500 2.351440191268921e+21 6.668920961846937e+23 7.915534563694575e+25 4.962794298470139e+27 1.910542362715088e+29 5.005550555e+30
11011101110000000000000000000001 3 3504689 2 2.81710147857666e+21 7.774290560450602e+23 9.042501578229189e+25 5.58176431811283e+27 2.1224981540911688e+29 5.505550555e+30
10111101110000000000000000000001 7 5 2 2.444572448730469e+21 6.85314922828088e+23 8.076529851485234e+25 5.040165550925476e+27 1.9340930062013192e+29 5.055550555e+30
11111101110000000000000000000001 31 2 3073891463633830000 2.910233736038208e+21 7.958518826884547e+23 9.203496866019847e+25 5.659135570568166e+27 2.1460487975774e+29 5.555550555e+30
10000011110000000000000000000001 3 2 2306590677120581600 2.3284924030303955e+21 6.632388041728476e+23 7.888847298163263e+25 4.951781739832087e+27 1.907606159945428e+29 5.000005555e+30
11100011110000000000000000000001 3 2 3027166617499861000 2.8872859477996827e+21 7.921985906766087e+23 9.176809600488534e+25 5.648123011930114e+27 2.1431125948077405e+29 5.550005555e+30
10010011110000000000000000000001 5 7 2 2.347118854522705e+21 6.6630927528008e+23 7.911846624990499e+25 4.961453146389004e+27 1.910222898110565e+29 5.005005555e+30
10110011110000000000000000000001 3 2 2486734662215401500 2.440251111984253e+21 6.847321019234745e+23 8.072841912781159e+25 5.038824398844341e+27 1.9337735415967962e+29 5.055005555e+30
11110011110000000000000000000001 149 11 2 2.905912399291992e+21 7.952690617838412e+23 9.199808927315772e+25 5.657794418487031e+27 2.145729332972877e+29 5.555005555e+30
11001011110000000000000000000001 3 2 2892058628678746000 2.797878980636597e+21 7.74287509217753e+23 9.01909993081605e+25 5.571960685294392e+27 2.1198527000065243e+29 5.500505555e+30
10101011110000000000000000000001 18587 2 2459713064451178500 2.4253499507904055e+21 6.821733760007807e+23 8.053128204072099e+25 5.030361918107038e+27 1.9314475521166747e+29 5.050505555e+30
11101011110000000000000000000001 11 47 2 2.8910112380981446e+21 7.927103358611474e+23 9.18009521860671e+25 5.649331937749728e+27 2.1434033434927555e+29 5.550505555e+30
10011011110000000000000000000001 3 2 2351626673394286600 2.350844144821167e+21 6.668210204646188e+23 7.915132243108676e+25 4.962662072208619e+27 1.91051364679558e+29 5.005505555e+30
10111011110000000000000000000001 5 14519 2 2.443976402282715e+21 6.852438471080131e+23 8.076127530899334e+25 5.040033324663955e+27 1.9340642902818113e+29 5.055505555e+30
11111011110000000000000000000001 3 2 3072202613773566000 2.909637689590454e+21 7.957808069683798e+23 9.203094545433948e+25 5.659003344306645e+27 2.1460200816578925e+29 5.555505555e+30
10000111110000000000000000000001 41 457 2 2.329237461090088e+21 6.633240950369375e+23 7.889316672180144e+25 4.951932855559539e+27 1.9076384653548743e+29 5.000055555e+30
11000111110000000000000000000001 227 2 2885303229237690400 2.794898748397827e+21 7.73861054897304e+23 9.016283686714757e+25 5.570902875202229e+27 2.1195942567309555e+29 5.500055555e+30
10100111110000000000000000000001 3 2 2452957665010123000 2.422369718551636e+21 6.817469216803318e+23 8.050311959970803e+25 5.029304108014875e+27 1.9311891088411055e+29 5.050055555e+30
11100111110000000000000000000001 7 13 2 2.888031005859375e+21 7.922838815406985e+23 9.177278974505417e+25 5.648274127657566e+27 2.1431449002171867e+29 5.550055555e+30
10010111110000000000000000000001 13 2 2344871273953231000 2.3478639125823976e+21 6.663945661441699e+23 7.912315999007382e+25 4.961604262116456e+27 1.9102552035200112e+29 5.005055555e+30
11010111110000000000000000000001 3 4598921 2 2.8135251998901367e+21 7.769315260045365e+23 9.039283013541996e+25 5.580574281759146e+27 2.122210994896092e+29 5.505055555e+30
10110111110000000000000000000001 19 7 2 2.4409961700439454e+21 6.848173927875642e+23 8.073311286798041e+25 5.038975514571792e+27 1.9338058470062424e+29 5.055055555e+30
11110111110000000000000000000001 5 2 3065447214332510000 2.9066574573516845e+21 7.953543526479309e+23 9.200278301332653e+25 5.657945534214483e+27 2.1457616383823236e+29 5.555055555e+30
10001111110000000000000000000001 3 2 2317849676189008000 2.33296275138855e+21 6.638358402214762e+23 7.89260229029832e+25 4.953141781379154e+27 1.9079292140398894e+29 5.000555555e+30
11001111110000000000000000000001 5 199 2 2.798624038696289e+21 7.743728000818427e+23 9.019569304832935e+25 5.572111801021844e+27 2.1198850054159705e+29 5.500555555e+30
10101111110000000000000000000001 7 13 2 2.4260950088500977e+21 6.822586668648705e+23 8.05359757808898e+25 5.03051303383449e+27 1.9314798575261206e+29 5.050555555e+30
11101111110000000000000000000001 3 2 3038425616568287000 2.891756296157837e+21 7.927956267252372e+23 9.180564592623594e+25 5.64948305347718e+27 2.1434356489022017e+29 5.550555555e+30
11011111110000000000000000000001 37 2 2930339225511395300 2.8172504901885986e+21 7.774432711890753e+23 9.042568631660171e+25 5.581783207578761e+27 2.1225017435811074e+29 5.505555555e+30
10111111110000000000000000000001 3 2 2497993661283827700 2.4447214603424073e+21 6.85329137972103e+23 8.076596904916218e+25 5.040184440391407e+27 1.9340965956912575e+29 5.055555555e+30
11111111110000000000000000000001 13 7 2 2.9103827476501464e+21 7.958660978324697e+23 9.203563919450829e+25 5.659154460034097e+27 2.1460523870673386e+29 5.555555555e+30
10000000001000000000000000000001 34631 241 2 2.3283066749572754e+21 6.632217701306753e+23 7.888769129669583e+25 4.951760161753207e+27 1.907602122931824e+29 5.0000000005e+30
11000000001000000000000000000001 3 2 2882305960540373000 2.7939679622650145e+21 7.737587299910422e+23 9.015736144204195e+25 5.570730181395897e+27 2.1195579143079053e+29 5.5000000005e+30
10100000001000000000000000000001 11 2 2449960396312805400 2.421438932418823e+21 6.816445967740699e+23 8.049764417460243e+25 5.029131414208543e+27 1.9311527664180553e+29 5.0500000005e+30
11100000001000000000000000000001 19 41 2 2.8871002197265623e+21 7.921815566344366e+23 9.176731431994857e+25 5.648101433851234e+27 2.1431085577941365e+29 5.5500000005e+30
10010000001000000000000000000001 3 2 2341874005255913500 2.346933126449585e+21 6.662922412379077e+23 7.91176845649682e+25 4.961431568310124e+27 1.910218861096961e+29 5.0050000005e+30
11010000001000000000000000000001 7 211 2 2.812594413757324e+21 7.768292010982746e+23 9.038735471031434e+25 5.580401587952814e+27 2.1221746524730422e+29 5.5050000005e+30
10110000001000000000000000000001 13 5 2 2.440065383911133e+21 6.847150678813023e+23 8.07276374428748e+25 5.03880282076546e+27 1.9337695045831922e+29 5.0550000005e+30
11110000001000000000000000000001 3 2 3062449945635193000 2.905726671218872e+21 7.95252027741669e+23 9.199730758822091e+25 5.657772840408151e+27 2.1457252959592734e+29 5.5550000005e+30
10001000001000000000000000000001 179 2 2314852407491690500 2.3320319652557373e+21 6.637335153152141e+23 7.89205474778776e+25 4.952969087572822e+27 1.907892871616839e+29 5.0005000005e+30
10101000001000000000000000000001 3 7 2 2.425164222717285e+21 6.821563419586086e+23 8.053050035578418e+25 5.030340340028158e+27 1.9314435151030707e+29 5.0505000005e+30
11101000001000000000000000000001 5 2 3035428347870970000 2.890825510025024e+21 7.926933018189753e+23 9.180017050113032e+25 5.649310359670848e+27 2.1433993064791515e+29 5.5505000005e+30
10011000001000000000000000000001 5 19 2 2.3506584167480468e+21 6.668039864224465e+23 7.915054074614997e+25 4.962640494129739e+27 1.910509609781976e+29 5.0055000005e+30
11011000001000000000000000000001 3 2 2927341956814078000 2.816319704055786e+21 7.773409462828132e+23 9.042021089149611e+25 5.581610513772429e+27 2.1224654011580572e+29 5.5055000005e+30
10111000001000000000000000000001 101 2 2494996392586510300 2.4437906742095947e+21 6.85226813065841e+23 8.076049362405656e+25 5.040011746585075e+27 1.9340602532682073e+29 5.0555000005e+30
11111000001000000000000000000001 11 47 2 2.909451961517334e+21 7.957637729262077e+23 9.203016376940269e+25 5.658981766227765e+27 2.1460160446442884e+29 5.5555000005e+30
10000100001000000000000000000001 3 2 2308097008050635000 2.3290517330169676e+21 6.633070609947651e+23 7.889238503686466e+25 4.951911277480659e+27 1.9076344283412703e+29 5.0000500005e+30
11000100001000000000000000000001 53 11 2 2.794713020324707e+21 7.738440208551319e+23 9.01620551822108e+25 5.570881297123349e+27 2.119590219717351e+29 5.5000500005e+30
10100100001000000000000000000001 107 101 2 2.4221839904785155e+21 6.817298876381597e+23 8.050233791477125e+25 5.029282529935995e+27 1.9311850718275015e+29 5.0500500005e+30
11100100001000000000000000000001 3 2 3028672948429914000 2.887845277786255e+21 7.922668474985264e+23 9.177200806011738e+25 5.648252549578685e+27 2.1431408632035823e+29 5.5500500005e+30
10010100001000000000000000000001 19 491 2 2.3476781845092775e+21 6.663775321019975e+23 7.912237830513703e+25 4.961582684037576e+27 1.910251166506407e+29 5.0050500005e+30
11010100001000000000000000000001 5 2 2920586557373022000 2.8133394718170163e+21 7.769144919623643e+23 9.039204845048315e+25 5.580552703680266e+27 2.122206957882488e+29 5.5050500005e+30
10110100001000000000000000000001 3 2 2488240993145454600 2.440810441970825e+21 6.848003587453921e+23 8.073233118304362e+25 5.038953936492912e+27 1.9338018099926384e+29 5.0550500005e+30
11110100001000000000000000000001 23 6441131 2 2.9064717292785647e+21 7.953373186057588e+23 9.200200132838974e+25 5.657923956135602e+27 2.1457576013687192e+29 5.5550500005e+30
11001100001000000000000000000001 3 2 2893564959608799000 2.7984383106231687e+21 7.743557660396707e+23 9.019491136339255e+25 5.572090222942964e+27 2.119880968402366e+29 5.5005500005e+30
10101100001000000000000000000001 5 2 2461219395381231600 2.4259092807769774e+21 6.822416328226985e+23 8.053519409595303e+25 5.03049145575561e+27 1.9314758205125166e+29 5.0505500005e+30
10011100001000000000000000000001 3 2 2353133004324339700 2.3514034748077394e+21 6.668892772865363e+23 7.91552344863188e+25 4.962791609857191e+27 1.9105419151914223e+29 5.0055500005e+30
10111100001000000000000000000001 17 546289 2 2.444535732269287e+21 6.853121039299308e+23 8.076518736422539e+25 5.040162862312527e+27 1.9340925586776535e+29 5.0555500005e+30
11111100001000000000000000000001 3 2 3073708944703619000 2.9101970195770266e+21 7.958490637902974e+23 9.203485750957151e+25 5.659132881955217e+27 2.1460483500537343e+29 5.5555500005e+30
11000010001000000000000000000001 7 117774611048749 2 2.794116973876953e+21 7.737729451350571e+23 9.01580319763518e+25 5.570749070861829e+27 2.1195615037978436e+29 5.5000050005e+30
10100010001000000000000000000001 3 71 2 2.4215879440307616e+21 6.816588119180848e+23 8.049831470891225e+25 5.029150303674475e+27 1.931156355907994e+29 5.0500050005e+30
11100010001000000000000000000001 11 2 3026984098569650000 2.887249231338501e+21 7.921957717784515e+23 9.176798485425839e+25 5.648120323317165e+27 2.1431121472840748e+29 5.5500050005e+30
11010010001000000000000000000001 3 2 2918897707512758300 2.8127434253692625e+21 7.768434162422895e+23 9.038802524462418e+25 5.580420477418746e+27 2.12217824196298e+29 5.5050050005e+30
10110010001000000000000000000001 34649 2 2486552143285190700 2.440214395523071e+21 6.847292830253172e+23 8.072830797718463e+25 5.038821710231392e+27 1.9337730940731305e+29 5.0550050005e+30
11110010001000000000000000000001 5 32993 2 2.9058756828308103e+21 7.952662428856839e+23 9.199797812253075e+25 5.657791729874082e+27 2.1457288854492117e+29 5.5550050005e+30
10001010001000000000000000000001 3 167 2 2.3321809768676757e+21 6.63747730459229e+23 7.892121801218743e+25 4.952987977038753e+27 1.907896461106778e+29 5.0005050005e+30
11001010001000000000000000000001 5 2 2891876109748535300 2.797842264175415e+21 7.742846903195959e+23 9.019088815753357e+25 5.571957996681443e+27 2.1198522524828586e+29 5.5005050005e+30
11101010001000000000000000000001 3 11 2 2.8909745216369627e+21 7.927075169629903e+23 9.180084103544016e+25 5.64932924913678e+27 2.14340289596909e+29 5.5505050005e+30
10011010001000000000000000000001 17 2 2351444154464076000 2.3508074283599853e+21 6.668182015664615e+23 7.91512112804598e+25 4.96265938359567e+27 1.9105131992719147e+29 5.0055050005e+30
11011010001000000000000000000001 4337 13 2 2.8164687156677244e+21 7.773551614268283e+23 9.042088142580593e+25 5.58162940323836e+27 2.1224689906479955e+29 5.5055050005e+30
10111010001000000000000000000001 3 5 2 2.443939685821533e+21 6.85241028209856e+23 8.07611641583664e+25 5.040030636051007e+27 1.934063842758146e+29 5.0555050005e+30
11111010001000000000000000000001 7 2 3072020094843355000 2.9096009731292723e+21 7.957779880702227e+23 9.203083430371253e+25 5.659000655693697e+27 2.1460196341342267e+29 5.5555050005e+30
11000110001000000000000000000001 3 2 2885120710307479600 2.794862031936646e+21 7.738582359991468e+23 9.016272571652062e+25 5.570900186589281e+27 2.1195938092072898e+29 5.5000550005e+30
10100110001000000000000000000001 7 2 2452775146079912000 2.422333002090454e+21 6.817441027821746e+23 8.050300844908108e+25 5.029301419401927e+27 1.9311886613174398e+29 5.0500550005e+30
11100110001000000000000000000001 233 5 2 2.8879942893981936e+21 7.922810626425413e+23 9.17726785944272e+25 5.648271439044617e+27 2.143144452693521e+29 5.5500550005e+30
10010110001000000000000000000001 3 2 2344688755023020000 2.347827196121216e+21 6.663917472460126e+23 7.912304883944687e+25 4.961601573503507e+27 1.9102547559963455e+29 5.0050550005e+30
11010110001000000000000000000001 1301 1956323 2 2.8134884834289553e+21 7.769287071063792e+23 9.039271898479299e+25 5.580571593146198e+27 2.1222105473724267e+29 5.5050550005e+30
10110110001000000000000000000001 5 19 2 2.4409594535827635e+21 6.84814573889407e+23 8.073300171735344e+25 5.038972825958844e+27 1.9338053994825767e+29 5.0550550005e+30
11110110001000000000000000000001 3 2 3065264695402299400 2.906620740890503e+21 7.953515337497737e+23 9.200267186269958e+25 5.657942845601534e+27 2.145761190858658e+29 5.5550550005e+30
10001110001000000000000000000001 5 2 2317667157258797000 2.3329260349273683e+21 6.638330213233188e+23 7.892591175235625e+25 4.953139092766205e+27 1.907928766516224e+29 5.0005550005e+30
11001110001000000000000000000001 307 64301 2 2.7985873222351077e+21 7.743699811836856e+23 9.01955818977024e+25 5.572109112408895e+27 2.119884557892305e+29 5.5005550005e+30
10101110001000000000000000000001 3 379 2 2.426058292388916e+21 6.822558479667134e+23 8.053586463026285e+25 5.030510345221541e+27 1.9314794100024552e+29 5.0505550005e+30
11101110001000000000000000000001 443 2 3038243097638076400 2.8917195796966555e+21 7.927928078270801e+23 9.180553477560897e+25 5.649480364864231e+27 2.1434352013785364e+29 5.5505550005e+30
10011110001000000000000000000001 47 1453 2 2.3515524864196778e+21 6.669034924305512e+23 7.915590502062864e+25 4.962810499323122e+27 1.9105455046813606e+29 5.0055550005e+30
11011110001000000000000000000001 3 2 2930156706581184500 2.817213773727417e+21 7.77440452290918e+23 9.042557516597476e+25 5.581780518965812e+27 2.1225012960574417e+29 5.5055550005e+30
10111110001000000000000000000001 953 2 2497811142353617000 2.4446847438812254e+21 6.853263190739458e+23 8.076585789853521e+25 5.040181751778458e+27 1.9340961481675918e+29 5.0555550005e+30
11111110001000000000000000000001 13 464843 2 2.910346031188965e+21 7.958632789343125e+23 9.203552804388135e+25 5.659151771421148e+27 2.146051939543673e+29 5.5555550005e+30
10000001001000000000000000000001 3 2 2305985945725305000 2.3283364772796632e+21 6.632241393213445e+23 7.888778708731153e+25 4.951762522936449e+27 1.9076025217640396e+29 5.0000005005e+30
11000001001000000000000000000001 11 5347 2 2.7939977645874023e+21 7.737610991817112e+23 9.015745723265765e+25 5.570732542579139e+27 2.1195583131401207e+29 5.5000005005e+30
10100001001000000000000000000001 10753 5 2 2.421468734741211e+21 6.81646965964739e+23 8.049773996521812e+25 5.029133775391785e+27 1.9311531652502708e+29 5.0500005005e+30
11100001001000000000000000000001 3 2 3026561886104584000 2.88713002204895e+21 7.921839258251056e+23 9.176741011056424e+25 5.648103795034475e+27 2.143108956626352e+29 5.5500005005e+30
10010001001000000000000000000001 7 61 2 2.3469629287719727e+21 6.662946104285769e+23 7.91177803555839e+25 4.961433929493366e+27 1.9102192599291765e+29 5.0050005005e+30
10110001001000000000000000000001 3 2 2486129930820124700 2.4400951862335206e+21 6.847174370719713e+23 8.072773323349049e+25 5.038805181948702e+27 1.9337699034154077e+29 5.0550005005e+30
11110001001000000000000000000001 13 5 2 2.9057564735412597e+21 7.95254396932338e+23 9.19974033788366e+25 5.657775201591392e+27 2.145725694791489e+29 5.5550005005e+30
10001001001000000000000000000001 5 149 2 2.332061767578125e+21 6.637358845058833e+23 7.89206432684933e+25 4.952971448756063e+27 1.9078932704490547e+29 5.0005005005e+30