Case #1: CBA
Case #2: MJA
Case #3: OEDC
Case #4: BBAAA
Case #5: CCCBBBBAA
Case #6: CCCBBBAAA
Case #7: ZXWSQEDCA
Case #8: XXTRRRNNNNLKJGD
Case #9: ZDCBA
Case #10: ZDCBA
Case #11: CCCCCBBBBBAAAAA
Case #12: ONMLKJIHGFEDCBA
Case #13: BBBBBAAAAAAAA
Case #14: CCCCCBBBBBAAAAA
Case #15: ONMLKJIHGFEDCBA
Case #16: DDDDCCBBAAAAA
Case #17: ZDCBA
Case #18: BA
Case #19: ONMLKJIHGFEDCBA
Case #20: MMLKJIHGFEDCBAA
Case #21: ZTSSSRRRQQJHDDB
Case #22: MMLKJIHGFEDCBAA
Case #23: CCCCCCBBBBBAAAA
Case #24: DDCCCBBBBBBAA
Case #25: DCBBBBBAAAAAA
Case #26: ZYXWUEDCBA
Case #27: CCCCBBBBBBAAAAA
Case #28: MMLKJIHGFEDCBAA
Case #29: CCCCCCBBBBBAAAA
Case #30: CBA
Case #31: ZYXWUEDCBA
Case #32: CCBBAAAAAAAAA
Case #33: CCCCCBBBBBAAAAA
Case #34: CBA
Case #35: ONMLKJIHGFEDCBA
Case #36: CCCCCCCCBBAAAAA
Case #37: RRDCBBAAAAA
Case #38: BB
Case #39: DDCBBBBAAAAAA
Case #40: CBA
Case #41: CCCCCBBBBBAAAAA
Case #42: BAA
Case #43: CCCCBBBBBBBAAAA
Case #44: YYXXVRQQQPPLJGF
Case #45: CBBBBAAAAAAAA
Case #46: ONMLKJIHGFEDCBA
Case #47: ONMLKJIHGFEDCBA
Case #48: CCCCCBBBBBBAAAA
Case #49: CCCCCBBBBBAAAAA
Case #50: MMLKJIHGFEDCBAA
Case #51: ZCBAA
Case #52: ONMLKJIHGFEDCBA
Case #53: BAAA
Case #54: CCCBBBBBAAAAA
Case #55: MMLKJIHGFEDCBAA
Case #56: CCCCBBBBBBBAAAA
Case #57: BBA
Case #58: CCCCCBBBBBAAAAA
Case #59: BAAA
Case #60: CCCCCBBBBBAAAAA
Case #61: BA
Case #62: CCBBBBBAAAAAAAA
Case #63: CCCCCBBBBBAAAAA
Case #64: BAA
Case #65: BAA
Case #66: BAAA
Case #67: BBA
Case #68: CCCCCBBBBBAAAAA
Case #69: CBA
Case #70: AAA
Case #71: ONMLKJIHGFEDCBA
Case #72: ONMLKJIHGFEDCBA
Case #73: DDDCBBAAAAAAA
Case #74: CCCCCCCBBBAAAAA
Case #75: CCCCBBBBAAAAAAA
Case #76: CCBBBBBAAAAAAA
Case #77: CBBBBBBBBBAAAAA
Case #78: A
Case #79: CCCCCCBBBBAAAAA
Case #80: MMLKJIHGFEDCBAA
Case #81: CBA
Case #82: CCCBBBBBBBAAAAA
Case #83: ONMLKJIHGFEDCBA
Case #84: ZZXTTRRPNMLHGDD
Case #85: YYXTTSSRQQQPLGB
Case #86: CCCCCBBBBBAAAAA
Case #87: CCCCCCCBBAAAAAA
Case #88: BBA
Case #89: CCCCCCCBBBBAAAA
Case #90: ZYXWUEDCBA
Case #91: BBB
Case #92: BAAA
Case #93: AA
Case #94: CCCCCBBBBBAAAAA
Case #95: Z
Case #96: CCBBBBBBBBBAAAA
Case #97: CCCBBBBBBBAAAAA
Case #98: CCCCBBBBBBBAAAA
Case #99: ZDCBA
Case #100: ZAAAA
